#
# There is insufficient memory for the Java Runtime Environment to continue.
# Native memory allocation (malloc) failed to allocate 32744 bytes for ChunkPool::allocate
# Possible reasons:
#   The system is out of physical RAM or swap space
#   The process is running with CompressedOops enabled, and the Java Heap may be blocking the growth of the native heap
# Possible solutions:
#   Reduce memory load on the system
#   Increase physical memory or swap space
#   Check if swap backing store is full
#   Decrease Java heap size (-Xmx/-Xms)
#   Decrease number of Java threads
#   Decrease Java thread stack sizes (-Xss)
#   Set larger code cache with -XX:ReservedCodeCacheSize=
#   JVM is running with Unscaled Compressed Oops mode in which the Java heap is
#     placed in the first 4GB address space. The Java Heap base address is the
#     maximum limit for the native heap growth. Please use -XX:HeapBaseMinAddress
#     to set the Java Heap base and to place the Java Heap above 4GB virtual address.
# This output file may be truncated or incomplete.
#
#  Out of Memory Error (allocation.cpp:272), pid=17440, tid=0x0000000000004950
#
# JRE version: Java(TM) SE Runtime Environment (8.0_231-b11) (build 1.8.0_231-b11)
# Java VM: Java HotSpot(TM) 64-Bit Server VM (25.231-b11 mixed mode windows-amd64 compressed oops)
# Failed to write core dump. Minidumps are not enabled by default on client versions of Windows
#

---------------  T H R E A D  ---------------

Current thread (0x00000000193c1000):  JavaThread "C1 CompilerThread3" daemon [_thread_in_native, id=18768, stack(0x000000001a480000,0x000000001a580000)]

Stack: [0x000000001a480000,0x000000001a580000]
[error occurred during error reporting (printing stack bounds), id 0xc0000005]

Native frames: (J=compiled Java code, j=interpreted, Vv=VM code, C=native code)


Current CompileTask:
C1:  65215 5026       1       java.text.SimpleDateFormat::subFormat (1260 bytes)


---------------  P R O C E S S  ---------------

Java Threads: ( => current thread )
  0x000000001eef2800 JavaThread "http-nio-auto-1-Acceptor" daemon [_thread_in_native, id=3384, stack(0x0000000021960000,0x0000000021a60000)]
  0x000000001eef1800 JavaThread "http-nio-auto-1-ClientPoller" daemon [_thread_in_native, id=8704, stack(0x0000000021860000,0x0000000021960000)]
  0x000000001eeea000 JavaThread "http-nio-auto-1-exec-10" daemon [_thread_blocked, id=6208, stack(0x0000000021760000,0x0000000021860000)]
  0x000000001eeee000 JavaThread "http-nio-auto-1-exec-9" daemon [_thread_blocked, id=22224, stack(0x0000000021660000,0x0000000021760000)]
  0x000000001eeec800 JavaThread "http-nio-auto-1-exec-8" daemon [_thread_blocked, id=13404, stack(0x0000000021560000,0x0000000021660000)]
  0x000000001eef1000 JavaThread "http-nio-auto-1-exec-7" daemon [_thread_blocked, id=17472, stack(0x0000000021460000,0x0000000021560000)]
  0x000000001eee9000 JavaThread "http-nio-auto-1-exec-6" daemon [_thread_in_vm, id=20956, stack(0x0000000021360000,0x0000000021460000)]
  0x000000001eef0000 JavaThread "http-nio-auto-1-exec-5" daemon [_thread_blocked, id=19296, stack(0x0000000021260000,0x0000000021360000)]
  0x000000001eeef800 JavaThread "http-nio-auto-1-exec-4" daemon [_thread_blocked, id=18620, stack(0x0000000021160000,0x0000000021260000)]
  0x000000001eeed000 JavaThread "http-nio-auto-1-exec-3" daemon [_thread_blocked, id=9552, stack(0x0000000021060000,0x0000000021160000)]
  0x000000001eeea800 JavaThread "http-nio-auto-1-exec-2" daemon [_thread_blocked, id=24392, stack(0x0000000020f60000,0x0000000021060000)]
  0x000000001eeee800 JavaThread "http-nio-auto-1-exec-1" daemon [_thread_blocked, id=20596, stack(0x0000000020e60000,0x0000000020f60000)]
  0x000000001c00d000 JavaThread "http-nio-auto-1-BlockPoller" daemon [_thread_in_native, id=23320, stack(0x0000000020d60000,0x0000000020e60000)]
  0x000000001c00b800 JavaThread "spring.cloud.inetutils" daemon [_thread_blocked, id=19332, stack(0x0000000000840000,0x0000000000940000)]
  0x000000001c00f800 JavaThread "File Watcher" daemon [_thread_blocked, id=14884, stack(0x0000000000740000,0x0000000000840000)]
  0x000000001c00a000 JavaThread "HikariPool-1 connection adder" daemon [_thread_blocked, id=10992, stack(0x000000001f960000,0x000000001fa60000)]
  0x000000001c00e800 JavaThread "HikariPool-1 housekeeper" daemon [_thread_blocked, id=9156, stack(0x000000001f660000,0x000000001f760000)]
  0x000000001c010000 JavaThread "container-0" [_thread_blocked, id=2624, stack(0x000000001f260000,0x000000001f360000)]
  0x000000001c00d800 JavaThread "Catalina-utility-2" [_thread_blocked, id=7308, stack(0x000000001f160000,0x000000001f260000)]
  0x000000001c00a800 JavaThread "Catalina-utility-1" [_thread_blocked, id=11208, stack(0x000000001cc90000,0x000000001cd90000)]
  0x0000000019595000 JavaThread "restartedMain" [_thread_blocked, id=15260, stack(0x000000001cb90000,0x000000001cc90000)]
  0x000000001bb64000 JavaThread "Thread-2" [_thread_blocked, id=14556, stack(0x000000001ca90000,0x000000001cb90000)]
  0x000000001ad6d800 JavaThread "JMX server connection timeout 21" daemon [_thread_blocked, id=24152, stack(0x000000001b7c0000,0x000000001b8c0000)]
  0x000000001ad5c800 JavaThread "RMI TCP Connection(2)-127.0.0.1" daemon [_thread_in_native, id=8312, stack(0x000000001b6c0000,0x000000001b7c0000)]
  0x000000001ad57800 JavaThread "RMI Scheduler(0)" daemon [_thread_blocked, id=16824, stack(0x000000001b4c0000,0x000000001b5c0000)]
  0x000000001ad3d000 JavaThread "RMI TCP Connection(idle)" daemon [_thread_blocked, id=10344, stack(0x000000001b3c0000,0x000000001b4c0000)]
  0x000000001ac58800 JavaThread "RMI TCP Accept-0" daemon [_thread_in_native, id=7876, stack(0x000000001b080000,0x000000001b180000)]
  0x000000001ac49800 JavaThread "RMI TCP Accept-13777" daemon [_thread_in_native, id=14992, stack(0x000000001af80000,0x000000001b080000)]
  0x000000001ac3b800 JavaThread "RMI TCP Accept-0" daemon [_thread_in_native, id=13496, stack(0x000000001ae80000,0x000000001af80000)]
  0x0000000019441000 JavaThread "Service Thread" daemon [_thread_blocked, id=22228, stack(0x000000001a580000,0x000000001a680000)]
=>0x00000000193c1000 JavaThread "C1 CompilerThread3" daemon [_thread_in_native, id=18768, stack(0x000000001a480000,0x000000001a580000)]
  0x00000000193a7800 JavaThread "C2 CompilerThread2" daemon [_thread_blocked, id=17052, stack(0x000000001a380000,0x000000001a480000)]
  0x00000000193a6800 JavaThread "C2 CompilerThread1" daemon [_thread_blocked, id=21732, stack(0x000000001a280000,0x000000001a380000)]
  0x00000000193a2000 JavaThread "C2 CompilerThread0" daemon [_thread_blocked, id=20468, stack(0x000000001a180000,0x000000001a280000)]
  0x0000000019392000 JavaThread "JDWP Command Reader" daemon [_thread_in_native, id=20828, stack(0x000000001a080000,0x000000001a180000)]
  0x000000001938c000 JavaThread "JDWP Event Helper Thread" daemon [_thread_blocked, id=22684, stack(0x0000000019f80000,0x000000001a080000)]
  0x0000000019381000 JavaThread "JDWP Transport Listener: dt_socket" daemon [_thread_blocked, id=11288, stack(0x0000000019e80000,0x0000000019f80000)]
  0x0000000019377000 JavaThread "Attach Listener" daemon [_thread_blocked, id=14860, stack(0x0000000019a40000,0x0000000019b40000)]
  0x0000000019376000 JavaThread "Signal Dispatcher" daemon [_thread_blocked, id=12264, stack(0x0000000019940000,0x0000000019a40000)]
  0x0000000017475800 JavaThread "Finalizer" daemon [_thread_blocked, id=18532, stack(0x0000000019740000,0x0000000019840000)]
  0x000000001746e000 JavaThread "Reference Handler" daemon [_thread_blocked, id=23556, stack(0x0000000019240000,0x0000000019340000)]
  0x000000000248a000 JavaThread "main" [_thread_blocked, id=1360, stack(0x0000000002380000,0x0000000002480000)]

Other Threads:
  0x000000000257e800 VMThread [stack: 0x0000000019140000,0x0000000019240000] [id=21800]
  0x000000001ac60000 WatcherThread [stack: 0x000000001b180000,0x000000001b280000] [id=17624]

VM state:synchronizing (normal execution)

VM Mutex/Monitor currently owned by a thread:  ([mutex/lock_event])
[0x00000000024870a0] Threads_lock - owner thread: 0x000000000257e800

heap address: 0x0000000082800000, size: 2008 MB, Compressed Oops mode: 32-bit
Narrow klass base: 0x0000000000000000, Narrow klass shift: 3
Compressed class space size: 1073741824 Address: 0x0000000100000000

Heap:
 PSYoungGen      total 252928K, used 42327K [0x00000000d6300000, 0x00000000e6c00000, 0x0000000100000000)
  eden space 234496K, 18% used [0x00000000d6300000,0x00000000d8c55eb8,0x00000000e4800000)
  from space 18432K, 0% used [0x00000000e4800000,0x00000000e4800000,0x00000000e5a00000)
  to   space 15872K, 0% used [0x00000000e5c80000,0x00000000e5c80000,0x00000000e6c00000)
 ParOldGen       total 86528K, used 35303K [0x0000000082800000, 0x0000000087c80000, 0x00000000d6300000)
  object space 86528K, 40% used [0x0000000082800000,0x0000000084a79fd0,0x0000000087c80000)
 Metaspace       used 57347K, capacity 60212K, committed 60544K, reserved 1101824K
  class space    used 7970K, capacity 8498K, committed 8576K, reserved 1048576K

Card table byte_map: [0x0000000011940000,0x0000000011d30000] byte_map_base: 0x000000001152c000

Marking Bits: (ParMarkBitMap*) 0x0000000073586d90
 Begin Bits: [0x00000000127d0000, 0x0000000014730000)
 End Bits:   [0x0000000014730000, 0x0000000016690000)

Polling page: 0x0000000000460000

CodeCache: size=245760Kb used=10203Kb max_used=10203Kb free=235557Kb
 bounds [0x0000000002580000, 0x0000000002f80000, 0x0000000011580000]
 total_blobs=5505 nmethods=4940 adapters=485
 compilation: enabled

Compilation events (10 events):
Event: 65.059 Thread 0x00000000193c1000 nmethod 5021 0x0000000002f75550 code [0x0000000002f756c0, 0x0000000002f75938]
Event: 65.059 Thread 0x00000000193c1000 5022       1       java.util.Spliterators::checkFromToBounds (74 bytes)
Event: 65.060 Thread 0x00000000193c1000 nmethod 5022 0x0000000002f75ad0 code [0x0000000002f75ce0, 0x0000000002f76288]
Event: 65.060 Thread 0x00000000193c1000 5023       1       org.springframework.context.event.GenericApplicationListenerAdapter::resolveDeclaredEventType (41 bytes)
Event: 65.060 Thread 0x00000000193c1000 nmethod 5023 0x0000000002f766d0 code [0x0000000002f76860, 0x0000000002f76a58]
Event: 65.060 Thread 0x00000000193c1000 5024       1       org.springframework.core.ResolvableType::isAssignableFrom (10 bytes)
Event: 65.062 Thread 0x00000000193c1000 nmethod 5024 0x0000000002f76b90 code [0x0000000002f76d00, 0x0000000002f76ed8]
Event: 65.063 Thread 0x00000000193c1000 5025       1       org.springframework.context.event.GenericApplicationListenerAdapter::supportsEventType (65 bytes)
Event: 65.064 Thread 0x00000000193c1000 nmethod 5025 0x0000000002f76fd0 code [0x0000000002f77140, 0x0000000002f773d8]
Event: 65.064 Thread 0x00000000193c1000 5026       1       java.text.SimpleDateFormat::subFormat (1260 bytes)

GC Heap History (10 events):
Event: 22.852 GC heap before
{Heap before GC invocations=10 (full 1):
 PSYoungGen      total 187392K, used 136770K [0x00000000d6300000, 0x00000000e4800000, 0x0000000100000000)
  eden space 177152K, 71% used [0x00000000d6300000,0x00000000dde93ef8,0x00000000e1000000)
  from space 10240K, 99% used [0x00000000e1f80000,0x00000000e297cc30,0x00000000e2980000)
  to   space 15872K, 0% used [0x00000000e1000000,0x00000000e1000000,0x00000000e1f80000)
 ParOldGen       total 55808K, used 19901K [0x0000000082800000, 0x0000000085e80000, 0x00000000d6300000)
  object space 55808K, 35% used [0x0000000082800000,0x0000000083b6f748,0x0000000085e80000)
 Metaspace       used 33626K, capacity 35352K, committed 35456K, reserved 1079296K
  class space    used 4552K, capacity 4929K, committed 4992K, reserved 1048576K
Event: 22.932 GC heap after
Heap after GC invocations=10 (full 1):
 PSYoungGen      total 193024K, used 11442K [0x00000000d6300000, 0x00000000e6c80000, 0x0000000100000000)
  eden space 177152K, 0% used [0x00000000d6300000,0x00000000d6300000,0x00000000e1000000)
  from space 15872K, 72% used [0x00000000e1000000,0x00000000e1b2c9b8,0x00000000e1f80000)
  to   space 16384K, 0% used [0x00000000e5c80000,0x00000000e5c80000,0x00000000e6c80000)
 ParOldGen       total 55808K, used 21489K [0x0000000082800000, 0x0000000085e80000, 0x00000000d6300000)
  object space 55808K, 38% used [0x0000000082800000,0x0000000083cfc7a0,0x0000000085e80000)
 Metaspace       used 33626K, capacity 35352K, committed 35456K, reserved 1079296K
  class space    used 4552K, capacity 4929K, committed 4992K, reserved 1048576K
}
Event: 22.932 GC heap before
{Heap before GC invocations=11 (full 2):
 PSYoungGen      total 193024K, used 11442K [0x00000000d6300000, 0x00000000e6c80000, 0x0000000100000000)
  eden space 177152K, 0% used [0x00000000d6300000,0x00000000d6300000,0x00000000e1000000)
  from space 15872K, 72% used [0x00000000e1000000,0x00000000e1b2c9b8,0x00000000e1f80000)
  to   space 16384K, 0% used [0x00000000e5c80000,0x00000000e5c80000,0x00000000e6c80000)
 ParOldGen       total 55808K, used 21489K [0x0000000082800000, 0x0000000085e80000, 0x00000000d6300000)
  object space 55808K, 38% used [0x0000000082800000,0x0000000083cfc7a0,0x0000000085e80000)
 Metaspace       used 33626K, capacity 35352K, committed 35456K, reserved 1079296K
  class space    used 4552K, capacity 4929K, committed 4992K, reserved 1048576K
Event: 23.245 GC heap after
Heap after GC invocations=11 (full 2):
 PSYoungGen      total 193024K, used 0K [0x00000000d6300000, 0x00000000e6c80000, 0x0000000100000000)
  eden space 177152K, 0% used [0x00000000d6300000,0x00000000d6300000,0x00000000e1000000)
  from space 15872K, 0% used [0x00000000e1000000,0x00000000e1000000,0x00000000e1f80000)
  to   space 16384K, 0% used [0x00000000e5c80000,0x00000000e5c80000,0x00000000e6c80000)
 ParOldGen       total 86528K, used 20543K [0x0000000082800000, 0x0000000087c80000, 0x00000000d6300000)
  object space 86528K, 23% used [0x0000000082800000,0x0000000083c0fe60,0x0000000087c80000)
 Metaspace       used 33626K, capacity 35352K, committed 35456K, reserved 1079296K
  class space    used 4552K, capacity 4929K, committed 4992K, reserved 1048576K
}
Event: 34.930 GC heap before
{Heap before GC invocations=12 (full 2):
 PSYoungGen      total 193024K, used 177152K [0x00000000d6300000, 0x00000000e6c80000, 0x0000000100000000)
  eden space 177152K, 100% used [0x00000000d6300000,0x00000000e1000000,0x00000000e1000000)
  from space 15872K, 0% used [0x00000000e1000000,0x00000000e1000000,0x00000000e1f80000)
  to   space 16384K, 0% used [0x00000000e5c80000,0x00000000e5c80000,0x00000000e6c80000)
 ParOldGen       total 86528K, used 20543K [0x0000000082800000, 0x0000000087c80000, 0x00000000d6300000)
  object space 86528K, 23% used [0x0000000082800000,0x0000000083c0fe60,0x0000000087c80000)
 Metaspace       used 47198K, capacity 49112K, committed 49408K, reserved 1091584K
  class space    used 6412K, capacity 6823K, committed 6912K, reserved 1048576K
Event: 34.950 GC heap after
Heap after GC invocations=12 (full 2):
 PSYoungGen      total 250368K, used 15664K [0x00000000d6300000, 0x00000000e6c00000, 0x0000000100000000)
  eden space 234496K, 0% used [0x00000000d6300000,0x00000000d6300000,0x00000000e4800000)
  from space 15872K, 98% used [0x00000000e5c80000,0x00000000e6bcc328,0x00000000e6c00000)
  to   space 18432K, 0% used [0x00000000e4800000,0x00000000e4800000,0x00000000e5a00000)
 ParOldGen       total 86528K, used 20551K [0x0000000082800000, 0x0000000087c80000, 0x00000000d6300000)
  object space 86528K, 23% used [0x0000000082800000,0x0000000083c11e60,0x0000000087c80000)
 Metaspace       used 47198K, capacity 49112K, committed 49408K, reserved 1091584K
  class space    used 6412K, capacity 6823K, committed 6912K, reserved 1048576K
}
Event: 58.640 GC heap before
{Heap before GC invocations=13 (full 2):
 PSYoungGen      total 250368K, used 200129K [0x00000000d6300000, 0x00000000e6c00000, 0x0000000100000000)
  eden space 234496K, 78% used [0x00000000d6300000,0x00000000e1724288,0x00000000e4800000)
  from space 15872K, 98% used [0x00000000e5c80000,0x00000000e6bcc328,0x00000000e6c00000)
  to   space 18432K, 0% used [0x00000000e4800000,0x00000000e4800000,0x00000000e5a00000)
 ParOldGen       total 86528K, used 20551K [0x0000000082800000, 0x0000000087c80000, 0x00000000d6300000)
  object space 86528K, 23% used [0x0000000082800000,0x0000000083c11e60,0x0000000087c80000)
 Metaspace       used 56240K, capacity 59088K, committed 59096K, reserved 1099776K
  class space    used 7774K, capacity 8312K, committed 8320K, reserved 1048576K
Event: 58.800 GC heap after
Heap after GC invocations=13 (full 2):
 PSYoungGen      total 252928K, used 13491K [0x00000000d6300000, 0x00000000e6c00000, 0x0000000100000000)
  eden space 234496K, 0% used [0x00000000d6300000,0x00000000d6300000,0x00000000e4800000)
  from space 18432K, 73% used [0x00000000e4800000,0x00000000e552cc50,0x00000000e5a00000)
  to   space 15872K, 0% used [0x00000000e5c80000,0x00000000e5c80000,0x00000000e6c00000)
 ParOldGen       total 86528K, used 24910K [0x0000000082800000, 0x0000000087c80000, 0x00000000d6300000)
  object space 86528K, 28% used [0x0000000082800000,0x0000000084053ac0,0x0000000087c80000)
 Metaspace       used 56240K, capacity 59088K, committed 59096K, reserved 1099776K
  class space    used 7774K, capacity 8312K, committed 8320K, reserved 1048576K
}
Event: 58.800 GC heap before
{Heap before GC invocations=14 (full 3):
 PSYoungGen      total 252928K, used 13491K [0x00000000d6300000, 0x00000000e6c00000, 0x0000000100000000)
  eden space 234496K, 0% used [0x00000000d6300000,0x00000000d6300000,0x00000000e4800000)
  from space 18432K, 73% used [0x00000000e4800000,0x00000000e552cc50,0x00000000e5a00000)
  to   space 15872K, 0% used [0x00000000e5c80000,0x00000000e5c80000,0x00000000e6c00000)
 ParOldGen       total 86528K, used 24910K [0x0000000082800000, 0x0000000087c80000, 0x00000000d6300000)
  object space 86528K, 28% used [0x0000000082800000,0x0000000084053ac0,0x0000000087c80000)
 Metaspace       used 56240K, capacity 59088K, committed 59096K, reserved 1099776K
  class space    used 7774K, capacity 8312K, committed 8320K, reserved 1048576K
Event: 61.241 GC heap after
Heap after GC invocations=14 (full 3):
 PSYoungGen      total 252928K, used 0K [0x00000000d6300000, 0x00000000e6c00000, 0x0000000100000000)
  eden space 234496K, 0% used [0x00000000d6300000,0x00000000d6300000,0x00000000e4800000)
  from space 18432K, 0% used [0x00000000e4800000,0x00000000e4800000,0x00000000e5a00000)
  to   space 15872K, 0% used [0x00000000e5c80000,0x00000000e5c80000,0x00000000e6c00000)
 ParOldGen       total 86528K, used 35303K [0x0000000082800000, 0x0000000087c80000, 0x00000000d6300000)
  object space 86528K, 40% used [0x0000000082800000,0x0000000084a79fd0,0x0000000087c80000)
 Metaspace       used 56240K, capacity 59088K, committed 59096K, reserved 1099776K
  class space    used 7774K, capacity 8312K, committed 8320K, reserved 1048576K
}

Deoptimization events (0 events):
No events

Classes redefined (0 events):
No events

Internal exceptions (10 events):
Event: 64.708 Thread 0x0000000019595000 Exception <a 'java/lang/ArrayIndexOutOfBoundsException'> (0x00000000d83cc510) thrown at [C:\re\workspace\8-2-build-windows-amd64-cygwin\jdk8u231\13620\hotspot\src\share\vm\runtime\sharedRuntime.cpp, line 605]
Event: 64.708 Thread 0x0000000019595000 Exception <a 'java/lang/ArrayIndexOutOfBoundsException'> (0x00000000d83cf4b8) thrown at [C:\re\workspace\8-2-build-windows-amd64-cygwin\jdk8u231\13620\hotspot\src\share\vm\runtime\sharedRuntime.cpp, line 605]
Event: 64.711 Thread 0x0000000019595000 Exception <a 'java/lang/ClassNotFoundException': org/springframework/context/ApplicationContextAwareCustomizer> (0x00000000d83fa260) thrown at [C:\re\workspace\8-2-build-windows-amd64-cygwin\jdk8u231\13620\hotspot\src\share\vm\classfile\systemDictionary.c
Event: 64.713 Thread 0x0000000019595000 Exception <a 'java/lang/ClassNotFoundException': org/springframework/beans/factory/AwareCustomizer> (0x00000000d8419e10) thrown at [C:\re\workspace\8-2-build-windows-amd64-cygwin\jdk8u231\13620\hotspot\src\share\vm\classfile\systemDictionary.cpp, line 210
Event: 64.715 Thread 0x0000000019595000 Exception <a 'java/lang/ClassNotFoundException': org/springframework/context/ApplicationListenerCustomizer> (0x00000000d843b928) thrown at [C:\re\workspace\8-2-build-windows-amd64-cygwin\jdk8u231\13620\hotspot\src\share\vm\classfile\systemDictionary.cpp, 
Event: 64.723 Thread 0x0000000019595000 Exception <a 'java/lang/ClassNotFoundException': java/util/EventListenerCustomizer> (0x00000000d8448da8) thrown at [C:\re\workspace\8-2-build-windows-amd64-cygwin\jdk8u231\13620\hotspot\src\share\vm\classfile\systemDictionary.cpp, line 210]
Event: 64.729 Thread 0x0000000019595000 Exception <a 'java/lang/ClassNotFoundException': java/lang/ObjectCustomizer> (0x00000000d845ccc8) thrown at [C:\re\workspace\8-2-build-windows-amd64-cygwin\jdk8u231\13620\hotspot\src\share\vm\classfile\systemDictionary.cpp, line 210]
Event: 64.731 Thread 0x0000000019595000 Exception <a 'java/lang/ClassNotFoundException': org/springframework/jmx/export/metadata/AbstractJmxAttributeCustomizer> (0x00000000d84879a0) thrown at [C:\re\workspace\8-2-build-windows-amd64-cygwin\jdk8u231\13620\hotspot\src\share\vm\classfile\systemDic
Event: 64.737 Thread 0x0000000019595000 Exception <a 'java/lang/ClassNotFoundException': org/springframework/jmx/export/metadata/ManagedAttributeCustomizer> (0x00000000d84b24a8) thrown at [C:\re\workspace\8-2-build-windows-amd64-cygwin\jdk8u231\13620\hotspot\src\share\vm\classfile\systemDiction
Event: 64.818 Thread 0x0000000019595000 Exception <a 'java/lang/ArrayIndexOutOfBoundsException'> (0x00000000d85e4d00) thrown at [C:\re\workspace\8-2-build-windows-amd64-cygwin\jdk8u231\13620\hotspot\src\share\vm\runtime\sharedRuntime.cpp, line 605]

Events (10 events):
Event: 65.064 Thread 0x0000000019595000 DEOPT UNPACKING pc=0x00000000025c7890 sp=0x000000001cc8b5b0 mode 1
Event: 65.064 Thread 0x0000000019595000 DEOPT PACKING pc=0x000000000275d7f4 sp=0x000000001cc8b8e0
Event: 65.064 Thread 0x0000000019595000 DEOPT UNPACKING pc=0x00000000025c7890 sp=0x000000001cc8b700 mode 1
Event: 65.064 Thread 0x0000000019595000 DEOPT PACKING pc=0x000000000275d73c sp=0x000000001cc8ba70
Event: 65.064 Thread 0x0000000019595000 DEOPT UNPACKING pc=0x00000000025c7890 sp=0x000000001cc8b890 mode 1
Event: 65.066 loading class com/netflix/appinfo/LeaseInfo$Builder
Event: 65.066 loading class com/netflix/appinfo/LeaseInfo$Builder done
Event: 65.066 Thread 0x0000000019595000 DEOPT PACKING pc=0x00000000027a7689 sp=0x000000001cc8b520
Event: 65.066 Thread 0x0000000019595000 DEOPT UNPACKING pc=0x00000000025c7890 sp=0x000000001cc8b270 mode 1
Event: 65.066 Thread 0x0000000019595000 DEOPT PACKING pc=0x000000000275d7f4 sp=0x000000001cc8b5a0


Dynamic libraries:
0x00007ff642770000 - 0x00007ff6427a7000 	C:\Program Files\Java\jre1.8.0_231\bin\javaw.exe
0x00007ffe0dee0000 - 0x00007ffe0e0d0000 	C:\WINDOWS\SYSTEM32\ntdll.dll
0x00007ffe0dae0000 - 0x00007ffe0db92000 	C:\WINDOWS\System32\KERNEL32.DLL
0x00007ffe0b210000 - 0x00007ffe0b4b3000 	C:\WINDOWS\System32\KERNELBASE.dll
0x00007ffe0d110000 - 0x00007ffe0d1b3000 	C:\WINDOWS\System32\ADVAPI32.dll
0x00007ffe0d1c0000 - 0x00007ffe0d25e000 	C:\WINDOWS\System32\msvcrt.dll
0x00007ffe0bf90000 - 0x00007ffe0c027000 	C:\WINDOWS\System32\sechost.dll
0x00007ffe0c670000 - 0x00007ffe0c790000 	C:\WINDOWS\System32\RPCRT4.dll
0x00007ffe0d2b0000 - 0x00007ffe0d444000 	C:\WINDOWS\System32\USER32.dll
0x00007ffe0b7c0000 - 0x00007ffe0b7e1000 	C:\WINDOWS\System32\win32u.dll
0x00007ffe0d260000 - 0x00007ffe0d286000 	C:\WINDOWS\System32\GDI32.dll
0x00007ffe0aef0000 - 0x00007ffe0b084000 	C:\WINDOWS\System32\gdi32full.dll
0x00007ffe0b090000 - 0x00007ffe0b12e000 	C:\WINDOWS\System32\msvcp_win.dll
0x00007ffe0b4c0000 - 0x00007ffe0b5ba000 	C:\WINDOWS\System32\ucrtbase.dll
0x00007ffdfaaa0000 - 0x00007ffdfad25000 	C:\WINDOWS\WinSxS\amd64_microsoft.windows.common-controls_6595b64144ccf1df_6.0.18362.592_none_e6c0b1911312be02\COMCTL32.dll
0x00007ffe0c210000 - 0x00007ffe0c546000 	C:\WINDOWS\System32\combase.dll
0x00007ffe0b130000 - 0x00007ffe0b1b0000 	C:\WINDOWS\System32\bcryptPrimitives.dll
0x00007ffe0dc00000 - 0x00007ffe0dc2e000 	C:\WINDOWS\System32\IMM32.DLL
0x0000000073890000 - 0x0000000073962000 	C:\Program Files\Java\jre1.8.0_231\bin\msvcr100.dll
0x0000000072d60000 - 0x0000000073606000 	C:\Program Files\Java\jre1.8.0_231\bin\server\jvm.dll
0x00007ffe0c1f0000 - 0x00007ffe0c1f8000 	C:\WINDOWS\System32\PSAPI.DLL
0x00007ffe065a0000 - 0x00007ffe065c4000 	C:\WINDOWS\SYSTEM32\WINMM.dll
0x00007ffdf2030000 - 0x00007ffdf2039000 	C:\WINDOWS\SYSTEM32\WSOCK32.dll
0x00007ffe0dd00000 - 0x00007ffe0dd6f000 	C:\WINDOWS\System32\WS2_32.dll
0x00007ffe06550000 - 0x00007ffe0657d000 	C:\WINDOWS\SYSTEM32\WINMMBASE.dll
0x00007ffe0ae70000 - 0x00007ffe0aeba000 	C:\WINDOWS\System32\cfgmgr32.dll
0x00007ffe09f70000 - 0x00007ffe09f7a000 	C:\WINDOWS\SYSTEM32\VERSION.dll
0x00007ffe03e40000 - 0x00007ffe03e4f000 	C:\Program Files\Java\jre1.8.0_231\bin\verify.dll
0x00007ffdfc800000 - 0x00007ffdfc829000 	C:\Program Files\Java\jre1.8.0_231\bin\java.dll
0x00007ffdfc8e0000 - 0x00007ffdfc915000 	C:\Program Files\Java\jre1.8.0_231\bin\jdwp.dll
0x00007ffe03ce0000 - 0x00007ffe03ce8000 	C:\Program Files\Java\jre1.8.0_231\bin\npt.dll
0x00007ffdfc7e0000 - 0x00007ffdfc7f6000 	C:\Program Files\Java\jre1.8.0_231\bin\zip.dll
0x00007ffe0c790000 - 0x00007ffe0ce75000 	C:\WINDOWS\System32\SHELL32.dll
0x00007ffe0c5c0000 - 0x00007ffe0c669000 	C:\WINDOWS\System32\shcore.dll
0x00007ffe0b7f0000 - 0x00007ffe0bf6f000 	C:\WINDOWS\System32\windows.storage.dll
0x00007ffe0adc0000 - 0x00007ffe0addf000 	C:\WINDOWS\System32\profapi.dll
0x00007ffe0ade0000 - 0x00007ffe0ae2a000 	C:\WINDOWS\System32\powrprof.dll
0x00007ffe0adb0000 - 0x00007ffe0adc0000 	C:\WINDOWS\System32\UMPDC.dll
0x00007ffe0d610000 - 0x00007ffe0d662000 	C:\WINDOWS\System32\shlwapi.dll
0x00007ffe0ae30000 - 0x00007ffe0ae41000 	C:\WINDOWS\System32\kernel.appcore.dll
0x00007ffe0bf70000 - 0x00007ffe0bf87000 	C:\WINDOWS\System32\cryptsp.dll
0x00007ffe03bf0000 - 0x00007ffe03bf9000 	C:\Program Files\Java\jre1.8.0_231\bin\dt_socket.dll
0x00007ffdeff50000 - 0x00007ffdeff66000 	C:\WINDOWS\system32\napinsp.dll
0x00007ffdeff30000 - 0x00007ffdeff4a000 	C:\WINDOWS\system32\pnrpnsp.dll
0x00007ffe0a620000 - 0x00007ffe0a687000 	C:\WINDOWS\System32\mswsock.dll
0x00007ffe0a370000 - 0x00007ffe0a43a000 	C:\WINDOWS\SYSTEM32\DNSAPI.dll
0x00007ffe0d600000 - 0x00007ffe0d608000 	C:\WINDOWS\System32\NSI.dll
0x00007ffe0a330000 - 0x00007ffe0a36a000 	C:\WINDOWS\SYSTEM32\IPHLPAPI.DLL
0x00007ffdeff20000 - 0x00007ffdeff2e000 	C:\WINDOWS\System32\winrnr.dll
0x00007ffe076b0000 - 0x00007ffe076cc000 	C:\WINDOWS\system32\NLAapi.dll
0x00007ffdeff00000 - 0x00007ffdeff15000 	C:\WINDOWS\system32\wshbth.dll
0x00007ffe01c20000 - 0x00007ffe01c97000 	C:\WINDOWS\System32\fwpuclnt.dll
0x00007ffe0aec0000 - 0x00007ffe0aee6000 	C:\WINDOWS\System32\bcrypt.dll
0x00007ffdf8f90000 - 0x00007ffdf8f9a000 	C:\Windows\System32\rasadhlp.dll
0x00007ffdfc9f0000 - 0x00007ffdfc9fd000 	C:\Program Files\Java\jre1.8.0_231\bin\management.dll
0x00007ffdfc570000 - 0x00007ffdfc58a000 	C:\Program Files\Java\jre1.8.0_231\bin\net.dll
0x00007ffdfc550000 - 0x00007ffdfc562000 	C:\Program Files\Java\jre1.8.0_231\bin\nio.dll
0x00007ffe0a190000 - 0x00007ffe0a1c3000 	C:\WINDOWS\system32\rsaenh.dll
0x00007ffe0acd0000 - 0x00007ffe0acf5000 	C:\WINDOWS\SYSTEM32\USERENV.dll
0x00007ffe0a7f0000 - 0x00007ffe0a7fc000 	C:\WINDOWS\SYSTEM32\CRYPTBASE.dll
0x00007ffe028f0000 - 0x00007ffe02906000 	C:\WINDOWS\SYSTEM32\dhcpcsvc6.DLL
0x00007ffe03010000 - 0x00007ffe0302c000 	C:\WINDOWS\SYSTEM32\dhcpcsvc.DLL
0x00007ffddfdb0000 - 0x00007ffddfdd4000 	C:\Program Files\Java\jre1.8.0_231\bin\sunec.dll

VM Arguments:
jvm_args: -agentlib:jdwp=transport=dt_socket,suspend=y,address=localhost:13785 -Dcom.sun.management.jmxremote -Dcom.sun.management.jmxremote.port=13777 -Dcom.sun.management.jmxremote.authenticate=false -Dcom.sun.management.jmxremote.ssl=false -Djava.rmi.server.hostname=localhost -Dspring.application.admin.enabled=true -Xverify:none -XX:TieredStopAtLevel=1 -Dfile.encoding=UTF-8 
java_command: com.csk.photoapp.api.users.PhotoAppApiUsersApplication --spring.output.ansi.enabled=always
java_class_path (initial): D:\spring\workspaces\microservices\PhotoAppApiUsers\target\classes;C:\Users\chity\.m2\repository\org\springframework\boot\spring-boot-starter-web\2.1.9.RELEASE\spring-boot-starter-web-2.1.9.RELEASE.jar;C:\Users\chity\.m2\repository\org\springframework\boot\spring-boot-starter\2.1.9.RELEASE\spring-boot-starter-2.1.9.RELEASE.jar;C:\Users\chity\.m2\repository\org\springframework\boot\spring-boot-starter-logging\2.1.9.RELEASE\spring-boot-starter-logging-2.1.9.RELEASE.jar;C:\Users\chity\.m2\repository\ch\qos\logback\logback-classic\1.2.3\logback-classic-1.2.3.jar;C:\Users\chity\.m2\repository\ch\qos\logback\logback-core\1.2.3\logback-core-1.2.3.jar;C:\Users\chity\.m2\repository\org\apache\logging\log4j\log4j-to-slf4j\2.11.2\log4j-to-slf4j-2.11.2.jar;C:\Users\chity\.m2\repository\org\apache\logging\log4j\log4j-api\2.11.2\log4j-api-2.11.2.jar;C:\Users\chity\.m2\repository\org\slf4j\jul-to-slf4j\1.7.28\jul-to-slf4j-1.7.28.jar;C:\Users\chity\.m2\repository\javax\annotation\javax.annotation-api\1.3.2\javax.annotation-api-1.3.2.jar;C:\Users\chity\.m2\repository\org\yaml\snakeyaml\1.23\snakeyaml-1.23.jar;C:\Users\chity\.m2\repository\org\springframework\boot\spring-boot-starter-json\2.1.9.RELEASE\spring-boot-starter-json-2.1.9.RELEASE.jar;C:\Users\chity\.m2\repository\com\fasterxml\jackson\datatype\jackson-datatype-jdk8\2.9.9\jackson-datatype-jdk8-2.9.9.jar;C:\Users\chity\.m2\repository\com\fasterxml\jackson\datatype\jackson-datatype-jsr310\2.9.9\jackson-datatype-jsr310-2.9.9.jar;C:\Users\chity\.m2\repository\com\fasterxml\jackson\module\jackson-module-parameter-names\2.9.9\jackson-module-parameter-names-2.9.9.jar;C:\Users\chity\.m2\repository\org\springframework\boot\spring-boot-starter-tomcat\2.1.9.RELEASE\spring-boot-starter-tomcat-2.1.9.RELEASE.jar;C:\Users\chity\.m2\repository\org\apache\tomcat\embed\tomcat-embed-core\9.0.26\tomcat-embed-core-9.0.26.jar;C:\Users\chity\.m2\repository\org\apache\tomcat\embed\tomcat-embed-el\9.0.26\tomcat-embed-el
Launcher Type: SUN_STANDARD

Environment Variables:
JAVA_HOME=C:\Program Files\Java\jdk1.8.0_201
CLASSPATH=.
PATH=C:/Program Files/Java/jre1.8.0_231/bin/server;C:/Program Files/Java/jre1.8.0_231/bin;C:/Program Files/Java/jre1.8.0_231/lib/amd64;C:\Users\chity\AppData\Local\Programs\Python\Python38\Scripts\;C:\Users\chity\AppData\Local\Programs\Python\Python38\;C:\oraclexe\app\oracle\product\11.2.0\server\bin;C:\Program Files (x86)\Common Files\Oracle\Java\javapath;C:\Windows\system32;C:\Windows;C:\Windows\System32\Wbem;C:\Windows\System32\WindowsPowerShell\v1.0\;C:\Windows\System32\OpenSSH\;C:\Program Files (x86)\NVIDIA Corporation\PhysX\Common;C:\Program Files\Java\jdk-11.0.2\bin;C:\Program Files\Java\jdk1.8.0_201\bin;C:\Program Files\Java\jre1.8.0_201\bin;D:\softwares\kaboom\Maven\bin;C:\WINDOWS\system32;C:\WINDOWS;C:\WINDOWS\System32\Wbem;C:\WINDOWS\System32\WindowsPowerShell\v1.0\;C:\WINDOWS\System32\OpenSSH\;C:\platform-tools_r28.0.3-windows\platform-tools;C:\adb;C:\Program Files\nodejs\;C:\Users\chity\AppData\Roaming\npm;C:\Program Files\ibm\gsk8\lib64;C:\Program Files (x86)\ibm\gsk8\lib;C:\Program Files\dotnet\;C:\Program Files\Microsoft SQL Server\130\Tools\Binn\;C:\Program Files\Microsoft SQL Server\Client SDK\ODBC\170\Tools\Binn\;D:\installations\Git\cmd;C:\Users\chity\Downloads\Compressed\php-5.4.0-Win32-VC9-x64;D:\softwares\kaboom\apache-cassandra-3.11.4\bin;C:\Program Files\PostgreSQL\12\bin;C:\Program Files\PostgreSQL\12\lib;C:\Program Files\NVIDIA Corporation\NVIDIA NvDLISR;C:\Program Files (x86)\Intel\Intel(R) Management Engine Components\DAL;C:\Program Files\Intel\Intel(R) Management Engine Components\DAL;C:\Android;C:\Program Files\PuTTY\;D:\installations\Python 3.8.1\Scripts\;D:\installations\Python 3.8.1\;C:\Users\chity\AppData\Local\Programs\Microsoft VS Code\bin;C:\Users\chity\AppData\Local\Android\Sdk\tools;C:\Users\chity\AppData\Local\Android\Sdk\platform-tools;C:\Users\chity\AppData\Local\Android\Sdk\platform-tools\adb.exe;D:\pycharm\PyCharm Community Edition 2019.3.1\bin;D:\softwares\kaboom\sts\sts-4.1.1.RELEASE;
USERNAME=chity
OS=Windows_NT
PROCESSOR_IDENTIFIER=Intel64 Family 6 Model 142 Stepping 10, GenuineIntel



---------------  S Y S T E M  ---------------

OS: Windows 10.0 , 64 bit Build 18362 (10.0.18362.329)

CPU:total 8 (initial active 8) (4 cores per cpu, 2 threads per core) family 6 model 142 stepping 10, cmov, cx8, fxsr, mmx, sse, sse2, sse3, ssse3, sse4.1, sse4.2, popcnt, avx, avx2, aes, clmul, erms, 3dnowpref, lzcnt, ht, tsc, tscinvbit, bmi1, bmi2, adx

Memory: 4k page, physical 8218476k(189596k free), swap 21983080k(4932k free)

vm_info: Java HotSpot(TM) 64-Bit Server VM (25.231-b11) for windows-amd64 JRE (1.8.0_231-b11), built on Oct  5 2019 03:11:30 by "java_re" with MS VC++ 10.0 (VS2010)

time: Sat Feb 01 00:34:30 2020
timezone: India Standard Time
elapsed time: 65 seconds (0d 0h 1m 5s)

