#
# There is insufficient memory for the Java Runtime Environment to continue.
# Native memory allocation (malloc) failed to allocate 32744 bytes for ChunkPool::allocate
# Possible reasons:
#   The system is out of physical RAM or swap space
#   The process is running with CompressedOops enabled, and the Java Heap may be blocking the growth of the native heap
# Possible solutions:
#   Reduce memory load on the system
#   Increase physical memory or swap space
#   Check if swap backing store is full
#   Decrease Java heap size (-Xmx/-Xms)
#   Decrease number of Java threads
#   Decrease Java thread stack sizes (-Xss)
#   Set larger code cache with -XX:ReservedCodeCacheSize=
#   JVM is running with Unscaled Compressed Oops mode in which the Java heap is
#     placed in the first 4GB address space. The Java Heap base address is the
#     maximum limit for the native heap growth. Please use -XX:HeapBaseMinAddress
#     to set the Java Heap base and to place the Java Heap above 4GB virtual address.
# This output file may be truncated or incomplete.
#
#  Out of Memory Error (allocation.cpp:272), pid=19840, tid=0x0000000000003fa8
#
# JRE version: Java(TM) SE Runtime Environment (8.0_231-b11) (build 1.8.0_231-b11)
# Java VM: Java HotSpot(TM) 64-Bit Server VM (25.231-b11 mixed mode windows-amd64 compressed oops)
# Failed to write core dump. Minidumps are not enabled by default on client versions of Windows
#

---------------  T H R E A D  ---------------

Current thread (0x000000001ab58000):  JavaThread "restartedMain" [_thread_in_vm, id=16296, stack(0x000000001cd20000,0x000000001ce20000)]

Stack: [0x000000001cd20000,0x000000001ce20000]
[error occurred during error reporting (printing stack bounds), id 0xc0000005]

Native frames: (J=compiled Java code, j=interpreted, Vv=VM code, C=native code)

Java frames: (J=compiled Java code, j=interpreted, Vv=VM code)
J 961  java.lang.ClassLoader.defineClass1(Ljava/lang/String;[BIILjava/security/ProtectionDomain;Ljava/lang/String;)Ljava/lang/Class; (0 bytes) @ 0x00000000029af85f [0x00000000029af7c0+0x9f]
J 897 C1 java.lang.ClassLoader.defineClass(Ljava/lang/String;[BIILjava/security/ProtectionDomain;)Ljava/lang/Class; (43 bytes) @ 0x000000000298ad7c [0x000000000298ac60+0x11c]
J 900 C1 java.net.URLClassLoader.defineClass(Ljava/lang/String;Lsun/misc/Resource;)Ljava/lang/Class; (142 bytes) @ 0x000000000298d4e4 [0x000000000298cae0+0xa04]
J 697 C1 java.net.URLClassLoader$1.run()Ljava/lang/Class; (63 bytes) @ 0x0000000002938d8c [0x0000000002938cc0+0xcc]
J 696 C1 java.net.URLClassLoader$1.run()Ljava/lang/Object; (5 bytes) @ 0x000000000293899c [0x0000000002938960+0x3c]
v  ~StubRoutines::call_stub
J 269  java.security.AccessController.doPrivileged(Ljava/security/PrivilegedExceptionAction;Ljava/security/AccessControlContext;)Ljava/lang/Object; (0 bytes) @ 0x000000000287e1e6 [0x000000000287e180+0x66]
J 656 C1 java.net.URLClassLoader.findClass(Ljava/lang/String;)Ljava/lang/Class; (47 bytes) @ 0x000000000292b65c [0x000000000292b5a0+0xbc]
j  java.lang.ClassLoader.loadClass(Ljava/lang/String;Z)Ljava/lang/Class;+70
J 613 C1 sun.misc.Launcher$AppClassLoader.loadClass(Ljava/lang/String;Z)Ljava/lang/Class; (85 bytes) @ 0x00000000029105b4 [0x00000000029102c0+0x2f4]
J 611 C1 java.lang.ClassLoader.loadClass(Ljava/lang/String;)Ljava/lang/Class; (7 bytes) @ 0x000000000290fbbc [0x000000000290fb60+0x5c]
v  ~StubRoutines::call_stub
J 961  java.lang.ClassLoader.defineClass1(Ljava/lang/String;[BIILjava/security/ProtectionDomain;Ljava/lang/String;)Ljava/lang/Class; (0 bytes) @ 0x00000000029af85f [0x00000000029af7c0+0x9f]
J 897 C1 java.lang.ClassLoader.defineClass(Ljava/lang/String;[BIILjava/security/ProtectionDomain;)Ljava/lang/Class; (43 bytes) @ 0x000000000298ad7c [0x000000000298ac60+0x11c]
J 900 C1 java.net.URLClassLoader.defineClass(Ljava/lang/String;Lsun/misc/Resource;)Ljava/lang/Class; (142 bytes) @ 0x000000000298d4e4 [0x000000000298cae0+0xa04]
J 697 C1 java.net.URLClassLoader$1.run()Ljava/lang/Class; (63 bytes) @ 0x0000000002938d8c [0x0000000002938cc0+0xcc]
J 696 C1 java.net.URLClassLoader$1.run()Ljava/lang/Object; (5 bytes) @ 0x000000000293899c [0x0000000002938960+0x3c]
v  ~StubRoutines::call_stub
J 269  java.security.AccessController.doPrivileged(Ljava/security/PrivilegedExceptionAction;Ljava/security/AccessControlContext;)Ljava/lang/Object; (0 bytes) @ 0x000000000287e1e6 [0x000000000287e180+0x66]
J 656 C1 java.net.URLClassLoader.findClass(Ljava/lang/String;)Ljava/lang/Class; (47 bytes) @ 0x000000000292b65c [0x000000000292b5a0+0xbc]
j  java.lang.ClassLoader.loadClass(Ljava/lang/String;Z)Ljava/lang/Class;+70
J 613 C1 sun.misc.Launcher$AppClassLoader.loadClass(Ljava/lang/String;Z)Ljava/lang/Class; (85 bytes) @ 0x00000000029105b4 [0x00000000029102c0+0x2f4]
J 611 C1 java.lang.ClassLoader.loadClass(Ljava/lang/String;)Ljava/lang/Class; (7 bytes) @ 0x000000000290fbbc [0x000000000290fb60+0x5c]
v  ~StubRoutines::call_stub
j  org.hibernate.internal.SessionFactoryImpl$SessionBuilderImpl.openSession()Lorg/hibernate/Session;+16
j  org.hibernate.internal.SessionFactoryImpl.buildEntityManager(Ljavax/persistence/SynchronizationType;Ljava/util/Map;)Lorg/hibernate/Session;+53
j  org.hibernate.internal.SessionFactoryImpl.createEntityManager()Lorg/hibernate/Session;+11
j  org.hibernate.internal.SessionFactoryImpl.createEntityManager()Ljavax/persistence/EntityManager;+1
v  ~StubRoutines::call_stub
J 1396  sun.reflect.NativeMethodAccessorImpl.invoke0(Ljava/lang/reflect/Method;Ljava/lang/Object;[Ljava/lang/Object;)Ljava/lang/Object; (0 bytes) @ 0x0000000002a57f3f [0x0000000002a57ec0+0x7f]
J 1395 C1 sun.reflect.NativeMethodAccessorImpl.invoke(Ljava/lang/Object;[Ljava/lang/Object;)Ljava/lang/Object; (104 bytes) @ 0x0000000002a58994 [0x0000000002a585e0+0x3b4]
J 1371 C1 sun.reflect.DelegatingMethodAccessorImpl.invoke(Ljava/lang/Object;[Ljava/lang/Object;)Ljava/lang/Object; (10 bytes) @ 0x0000000002a436fc [0x0000000002a436a0+0x5c]
J 1370 C1 java.lang.reflect.Method.invoke(Ljava/lang/Object;[Ljava/lang/Object;)Ljava/lang/Object; (62 bytes) @ 0x0000000002a42f4c [0x0000000002a42e20+0x12c]
j  org.springframework.orm.jpa.AbstractEntityManagerFactoryBean.invokeProxyMethod(Ljava/lang/reflect/Method;[Ljava/lang/Object;)Ljava/lang/Object;+157
j  org.springframework.orm.jpa.AbstractEntityManagerFactoryBean$ManagedEntityManagerFactoryInvocationHandler.invoke(Ljava/lang/Object;Ljava/lang/reflect/Method;[Ljava/lang/Object;)Ljava/lang/Object;+98
j  com.sun.proxy.$Proxy101.createEntityManager()Ljavax/persistence/EntityManager;+9
j  org.springframework.orm.jpa.SharedEntityManagerCreator$SharedEntityManagerInvocationHandler.invoke(Ljava/lang/Object;Ljava/lang/reflect/Method;[Ljava/lang/Object;)Ljava/lang/Object;+481
j  com.sun.proxy.$Proxy106.getDelegate()Ljava/lang/Object;+9
j  org.springframework.data.jpa.provider.PersistenceProvider.fromEntityManager(Ljavax/persistence/EntityManager;)Lorg/springframework/data/jpa/provider/PersistenceProvider;+7
j  org.springframework.data.jpa.repository.support.JpaRepositoryFactory.<init>(Ljavax/persistence/EntityManager;)V+24
j  org.springframework.data.jpa.repository.support.JpaRepositoryFactoryBean.createRepositoryFactory(Ljavax/persistence/EntityManager;)Lorg/springframework/data/repository/core/support/RepositoryFactorySupport;+5
j  org.springframework.data.jpa.repository.support.JpaRepositoryFactoryBean.doCreateRepositoryFactory()Lorg/springframework/data/repository/core/support/RepositoryFactorySupport;+22
j  org.springframework.data.repository.core.support.TransactionalRepositoryFactoryBeanSupport.createRepositoryFactory()Lorg/springframework/data/repository/core/support/RepositoryFactorySupport;+1
j  org.springframework.data.repository.core.support.RepositoryFactoryBeanSupport.afterPropertiesSet()V+2
j  org.springframework.data.jpa.repository.support.JpaRepositoryFactoryBean.afterPropertiesSet()V+18
j  org.springframework.beans.factory.support.AbstractAutowireCapableBeanFactory.invokeInitMethods(Ljava/lang/String;Ljava/lang/Object;Lorg/springframework/beans/factory/support/RootBeanDefinition;)V+106
j  org.springframework.beans.factory.support.AbstractAutowireCapableBeanFactory.initializeBean(Ljava/lang/String;Ljava/lang/Object;Lorg/springframework/beans/factory/support/RootBeanDefinition;)Ljava/lang/Object;+59
j  org.springframework.beans.factory.support.AbstractAutowireCapableBeanFactory.doCreateBean(Ljava/lang/String;Lorg/springframework/beans/factory/support/RootBeanDefinition;[Ljava/lang/Object;)Ljava/lang/Object;+245
j  org.springframework.beans.factory.support.AbstractAutowireCapableBeanFactory.createBean(Ljava/lang/String;Lorg/springframework/beans/factory/support/RootBeanDefinition;[Ljava/lang/Object;)Ljava/lang/Object;+169
j  org.springframework.beans.factory.support.AbstractBeanFactory.lambda$doGetBean$0(Ljava/lang/String;Lorg/springframework/beans/factory/support/RootBeanDefinition;[Ljava/lang/Object;)Ljava/lang/Object;+4
j  org.springframework.beans.factory.support.AbstractBeanFactory$$Lambda$147.getObject()Ljava/lang/Object;+16
j  org.springframework.beans.factory.support.DefaultSingletonBeanRegistry.getSingleton(Ljava/lang/String;Lorg/springframework/beans/factory/ObjectFactory;)Ljava/lang/Object;+132
J 2573 C1 org.springframework.beans.factory.support.AbstractBeanFactory.doGetBean(Ljava/lang/String;Ljava/lang/Class;[Ljava/lang/Object;Z)Ljava/lang/Object; (833 bytes) @ 0x0000000002cba6fc [0x0000000002cba120+0x5dc]
j  org.springframework.beans.factory.support.AbstractBeanFactory.getBean(Ljava/lang/String;)Ljava/lang/Object;+5
j  org.springframework.beans.factory.config.DependencyDescriptor.resolveCandidate(Ljava/lang/String;Ljava/lang/Class;Lorg/springframework/beans/factory/BeanFactory;)Ljava/lang/Object;+2
j  org.springframework.beans.factory.support.DefaultListableBeanFactory.doResolveDependency(Lorg/springframework/beans/factory/config/DependencyDescriptor;Ljava/lang/String;Ljava/util/Set;Lorg/springframework/beans/TypeConverter;)Ljava/lang/Object;+440
j  org.springframework.beans.factory.support.DefaultListableBeanFactory.resolveDependency(Lorg/springframework/beans/factory/config/DependencyDescriptor;Ljava/lang/String;Ljava/util/Set;Lorg/springframework/beans/TypeConverter;)Ljava/lang/Object;+108
j  org.springframework.beans.factory.annotation.AutowiredAnnotationBeanPostProcessor$AutowiredFieldElement.inject(Ljava/lang/Object;Ljava/lang/String;Lorg/springframework/beans/PropertyValues;)V+115
J 4302 C1 org.springframework.beans.factory.annotation.InjectionMetadata.inject(Ljava/lang/Object;Ljava/lang/String;Lorg/springframework/beans/PropertyValues;)V (123 bytes) @ 0x0000000002fe7ad4 [0x0000000002fe7760+0x374]
j  org.springframework.beans.factory.annotation.AutowiredAnnotationBeanPostProcessor.postProcessProperties(Lorg/springframework/beans/PropertyValues;Ljava/lang/Object;Ljava/lang/String;)Lorg/springframework/beans/PropertyValues;+17
J 4318 C1 org.springframework.beans.factory.support.AbstractAutowireCapableBeanFactory.populateBean(Ljava/lang/String;Lorg/springframework/beans/factory/support/RootBeanDefinition;Lorg/springframework/beans/BeanWrapper;)V (412 bytes) @ 0x0000000002ff0814 [0x0000000002fefec0+0x954]
j  org.springframework.beans.factory.support.AbstractAutowireCapableBeanFactory.doCreateBean(Ljava/lang/String;Lorg/springframework/beans/factory/support/RootBeanDefinition;[Ljava/lang/Object;)Ljava/lang/Object;+237
j  org.springframework.beans.factory.support.AbstractAutowireCapableBeanFactory.createBean(Ljava/lang/String;Lorg/springframework/beans/factory/support/RootBeanDefinition;[Ljava/lang/Object;)Ljava/lang/Object;+169
j  org.springframework.beans.factory.support.AbstractBeanFactory.lambda$doGetBean$0(Ljava/lang/String;Lorg/springframework/beans/factory/support/RootBeanDefinition;[Ljava/lang/Object;)Ljava/lang/Object;+4
j  org.springframework.beans.factory.support.AbstractBeanFactory$$Lambda$147.getObject()Ljava/lang/Object;+16
j  org.springframework.beans.factory.support.DefaultSingletonBeanRegistry.getSingleton(Ljava/lang/String;Lorg/springframework/beans/factory/ObjectFactory;)Ljava/lang/Object;+132
J 2573 C1 org.springframework.beans.factory.support.AbstractBeanFactory.doGetBean(Ljava/lang/String;Ljava/lang/Class;[Ljava/lang/Object;Z)Ljava/lang/Object; (833 bytes) @ 0x0000000002cba6fc [0x0000000002cba120+0x5dc]
j  org.springframework.beans.factory.support.AbstractBeanFactory.getBean(Ljava/lang/String;)Ljava/lang/Object;+5
j  org.springframework.beans.factory.config.DependencyDescriptor.resolveCandidate(Ljava/lang/String;Ljava/lang/Class;Lorg/springframework/beans/factory/BeanFactory;)Ljava/lang/Object;+2
j  org.springframework.beans.factory.support.DefaultListableBeanFactory.doResolveDependency(Lorg/springframework/beans/factory/config/DependencyDescriptor;Ljava/lang/String;Ljava/util/Set;Lorg/springframework/beans/TypeConverter;)Ljava/lang/Object;+440
j  org.springframework.beans.factory.support.DefaultListableBeanFactory.resolveDependency(Lorg/springframework/beans/factory/config/DependencyDescriptor;Ljava/lang/String;Ljava/util/Set;Lorg/springframework/beans/TypeConverter;)Ljava/lang/Object;+108
j  org.springframework.beans.factory.annotation.AutowiredAnnotationBeanPostProcessor$AutowiredFieldElement.inject(Ljava/lang/Object;Ljava/lang/String;Lorg/springframework/beans/PropertyValues;)V+115
J 4302 C1 org.springframework.beans.factory.annotation.InjectionMetadata.inject(Ljava/lang/Object;Ljava/lang/String;Lorg/springframework/beans/PropertyValues;)V (123 bytes) @ 0x0000000002fe7ad4 [0x0000000002fe7760+0x374]
j  org.springframework.beans.factory.annotation.AutowiredAnnotationBeanPostProcessor.postProcessProperties(Lorg/springframework/beans/PropertyValues;Ljava/lang/Object;Ljava/lang/String;)Lorg/springframework/beans/PropertyValues;+17
J 4318 C1 org.springframework.beans.factory.support.AbstractAutowireCapableBeanFactory.populateBean(Ljava/lang/String;Lorg/springframework/beans/factory/support/RootBeanDefinition;Lorg/springframework/beans/BeanWrapper;)V (412 bytes) @ 0x0000000002ff0814 [0x0000000002fefec0+0x954]
j  org.springframework.beans.factory.support.AbstractAutowireCapableBeanFactory.doCreateBean(Ljava/lang/String;Lorg/springframework/beans/factory/support/RootBeanDefinition;[Ljava/lang/Object;)Ljava/lang/Object;+237
j  org.springframework.beans.factory.support.AbstractAutowireCapableBeanFactory.createBean(Ljava/lang/String;Lorg/springframework/beans/factory/support/RootBeanDefinition;[Ljava/lang/Object;)Ljava/lang/Object;+169
j  org.springframework.beans.factory.support.AbstractBeanFactory.lambda$doGetBean$0(Ljava/lang/String;Lorg/springframework/beans/factory/support/RootBeanDefinition;[Ljava/lang/Object;)Ljava/lang/Object;+4
j  org.springframework.beans.factory.support.AbstractBeanFactory$$Lambda$147.getObject()Ljava/lang/Object;+16
j  org.springframework.beans.factory.support.DefaultSingletonBeanRegistry.getSingleton(Ljava/lang/String;Lorg/springframework/beans/factory/ObjectFactory;)Ljava/lang/Object;+132
J 2573 C1 org.springframework.beans.factory.support.AbstractBeanFactory.doGetBean(Ljava/lang/String;Ljava/lang/Class;[Ljava/lang/Object;Z)Ljava/lang/Object; (833 bytes) @ 0x0000000002cba6fc [0x0000000002cba120+0x5dc]
j  org.springframework.beans.factory.support.AbstractBeanFactory.getBean(Ljava/lang/String;)Ljava/lang/Object;+5
j  org.springframework.beans.factory.support.DefaultListableBeanFactory.preInstantiateSingletons()V+248
j  org.springframework.context.support.AbstractApplicationContext.finishBeanFactoryInitialization(Lorg/springframework/beans/factory/config/ConfigurableListableBeanFactory;)V+124
j  org.springframework.context.support.AbstractApplicationContext.refresh()V+54
j  org.springframework.boot.web.servlet.context.ServletWebServerApplicationContext.refresh()V+1
j  org.springframework.boot.SpringApplication.refresh(Lorg/springframework/context/ApplicationContext;)V+10
j  org.springframework.boot.SpringApplication.refreshContext(Lorg/springframework/context/ConfigurableApplicationContext;)V+2
j  org.springframework.boot.SpringApplication.run([Ljava/lang/String;)Lorg/springframework/context/ConfigurableApplicationContext;+118
j  org.springframework.boot.SpringApplication.run([Ljava/lang/Class;[Ljava/lang/String;)Lorg/springframework/context/ConfigurableApplicationContext;+9
j  org.springframework.boot.SpringApplication.run(Ljava/lang/Class;[Ljava/lang/String;)Lorg/springframework/context/ConfigurableApplicationContext;+9
j  com.csk.photoapp.api.users.PhotoAppApiUsersApplication.main([Ljava/lang/String;)V+3
v  ~StubRoutines::call_stub
j  sun.reflect.NativeMethodAccessorImpl.invoke0(Ljava/lang/reflect/Method;Ljava/lang/Object;[Ljava/lang/Object;)Ljava/lang/Object;+0
j  sun.reflect.NativeMethodAccessorImpl.invoke(Ljava/lang/Object;[Ljava/lang/Object;)Ljava/lang/Object;+100
j  sun.reflect.DelegatingMethodAccessorImpl.invoke(Ljava/lang/Object;[Ljava/lang/Object;)Ljava/lang/Object;+6
j  java.lang.reflect.Method.invoke(Ljava/lang/Object;[Ljava/lang/Object;)Ljava/lang/Object;+56
j  org.springframework.boot.devtools.restart.RestartLauncher.run()V+41
v  ~StubRoutines::call_stub

---------------  P R O C E S S  ---------------

Java Threads: ( => current thread )
  0x0000000019633000 JavaThread "HikariPool-1 connection adder" daemon [_thread_blocked, id=6472, stack(0x000000001fbf0000,0x000000001fcf0000)]
  0x0000000019630800 JavaThread "HikariPool-1 housekeeper" daemon [_thread_blocked, id=11312, stack(0x000000001f8f0000,0x000000001f9f0000)]
  0x0000000019632800 JavaThread "container-0" [_thread_blocked, id=12992, stack(0x000000001f4f0000,0x000000001f5f0000)]
  0x0000000019631800 JavaThread "Catalina-utility-2" [_thread_blocked, id=10752, stack(0x000000001f3f0000,0x000000001f4f0000)]
  0x0000000019634800 JavaThread "Catalina-utility-1" [_thread_blocked, id=21940, stack(0x000000001f2f0000,0x000000001f3f0000)]
=>0x000000001ab58000 JavaThread "restartedMain" [_thread_in_vm, id=16296, stack(0x000000001cd20000,0x000000001ce20000)]
  0x000000001aae7800 JavaThread "JMX server connection timeout 23" daemon [_thread_blocked, id=4116, stack(0x000000001cc20000,0x000000001cd20000)]
  0x000000001970c800 JavaThread "Thread-1" [_thread_blocked, id=21836, stack(0x000000001cb20000,0x000000001cc20000)]
  0x000000001b5e4000 JavaThread "RMI TCP Connection(2)-127.0.0.1" daemon [_thread_in_native, id=19444, stack(0x000000001ca20000,0x000000001cb20000)]
  0x000000001b5d7800 JavaThread "RMI Scheduler(0)" daemon [_thread_blocked, id=22092, stack(0x000000001c820000,0x000000001c920000)]
  0x000000001b5d6800 JavaThread "RMI TCP Connection(idle)" daemon [_thread_blocked, id=23752, stack(0x000000001c720000,0x000000001c820000)]
  0x000000001aded800 JavaThread "RMI TCP Accept-0" daemon [_thread_in_native, id=6160, stack(0x000000001b210000,0x000000001b310000)]
  0x000000001addd800 JavaThread "RMI TCP Accept-13849" daemon [_thread_in_native, id=1860, stack(0x000000001b110000,0x000000001b210000)]
  0x000000001add2800 JavaThread "RMI TCP Accept-0" daemon [_thread_in_native, id=18304, stack(0x000000001b010000,0x000000001b110000)]
  0x000000001959f000 JavaThread "Service Thread" daemon [_thread_blocked, id=22416, stack(0x000000001a710000,0x000000001a810000)]
  0x0000000019599000 JavaThread "C1 CompilerThread3" daemon [_thread_blocked, id=17384, stack(0x000000001a610000,0x000000001a710000)]
  0x0000000019595800 JavaThread "C2 CompilerThread2" daemon [_thread_blocked, id=19600, stack(0x000000001a510000,0x000000001a610000)]
  0x000000001957f800 JavaThread "C2 CompilerThread1" daemon [_thread_blocked, id=12412, stack(0x000000001a410000,0x000000001a510000)]
  0x0000000019530800 JavaThread "C2 CompilerThread0" daemon [_thread_blocked, id=13756, stack(0x000000001a310000,0x000000001a410000)]
  0x0000000019520800 JavaThread "JDWP Command Reader" daemon [_thread_in_native, id=23648, stack(0x000000001a210000,0x000000001a310000)]
  0x000000001951c800 JavaThread "JDWP Event Helper Thread" daemon [_thread_blocked, id=23256, stack(0x000000001a110000,0x000000001a210000)]
  0x0000000019510000 JavaThread "JDWP Transport Listener: dt_socket" daemon [_thread_blocked, id=5312, stack(0x000000001a010000,0x000000001a110000)]
  0x0000000019506000 JavaThread "Attach Listener" daemon [_thread_blocked, id=21384, stack(0x0000000019bd0000,0x0000000019cd0000)]
  0x0000000019505800 JavaThread "Signal Dispatcher" daemon [_thread_blocked, id=20844, stack(0x0000000019ad0000,0x0000000019bd0000)]
  0x0000000017605800 JavaThread "Finalizer" daemon [_thread_blocked, id=8904, stack(0x00000000198d0000,0x00000000199d0000)]
  0x00000000175fe000 JavaThread "Reference Handler" daemon [_thread_blocked, id=5876, stack(0x00000000193d0000,0x00000000194d0000)]
  0x000000000261a000 JavaThread "main" [_thread_blocked, id=17552, stack(0x00000000024d0000,0x00000000025d0000)]

Other Threads:
  0x000000000270e800 VMThread [stack: 0x00000000192d0000,0x00000000193d0000] [id=21300]
  0x000000001adf1800 WatcherThread [stack: 0x000000001b310000,0x000000001b410000] [id=744]

VM state:not at safepoint (normal execution)

VM Mutex/Monitor currently owned by a thread: None

heap address: 0x0000000082800000, size: 2008 MB, Compressed Oops mode: 32-bit
Narrow klass base: 0x0000000000000000, Narrow klass shift: 3
Compressed class space size: 1073741824 Address: 0x0000000100000000

Heap:
 PSYoungGen      total 231936K, used 35357K [0x00000000d6300000, 0x00000000eb080000, 0x0000000100000000)
  eden space 217088K, 9% used [0x00000000d6300000,0x00000000d770a7c8,0x00000000e3700000)
  from space 14848K, 99% used [0x00000000ea200000,0x00000000eb07ce90,0x00000000eb080000)
  to   space 13824K, 0% used [0x00000000e3700000,0x00000000e3700000,0x00000000e4480000)
 ParOldGen       total 71168K, used 23759K [0x0000000082800000, 0x0000000086d80000, 0x00000000d6300000)
  object space 71168K, 33% used [0x0000000082800000,0x0000000083f33c00,0x0000000086d80000)
 Metaspace       used 50066K, capacity 52106K, committed 52608K, reserved 1097728K
  class space    used 6847K, capacity 7271K, committed 7296K, reserved 1048576K

Card table byte_map: [0x0000000011ad0000,0x0000000011ec0000] byte_map_base: 0x00000000116bc000

Marking Bits: (ParMarkBitMap*) 0x0000000073586d90
 Begin Bits: [0x0000000012960000, 0x00000000148c0000)
 End Bits:   [0x00000000148c0000, 0x0000000016820000)

Polling page: 0x0000000000b10000

CodeCache: size=245760Kb used=9196Kb max_used=9196Kb free=236563Kb
 bounds [0x0000000002710000, 0x0000000003010000, 0x0000000011710000]
 total_blobs=4882 nmethods=4334 adapters=468
 compilation: enabled

Compilation events (10 events):
Event: 72.218 Thread 0x0000000019599000 4372       1       org.springframework.core.convert.TypeDescriptor::isMap (10 bytes)
Event: 72.218 Thread 0x0000000019599000 nmethod 4372 0x000000000300a810 code [0x000000000300a960, 0x000000000300aaa8]
Event: 72.257 Thread 0x0000000019599000 4373       1       org.springframework.core.convert.TypeDescriptor::valueOf (42 bytes)
Event: 72.258 Thread 0x0000000019599000 nmethod 4373 0x000000000300ab50 code [0x000000000300ace0, 0x000000000300aff8]
Event: 72.258 Thread 0x0000000019599000 4374       1       org.springframework.beans.GenericTypeAwarePropertyDescriptor::getReadMethod (5 bytes)
Event: 72.258 Thread 0x0000000019599000 nmethod 4374 0x000000000300b1d0 code [0x000000000300b320, 0x000000000300b430]
Event: 72.258 Thread 0x0000000019599000 4376       1       org.springframework.core.convert.support.GenericConversionService$ConverterCacheKey::hashCode (19 bytes)
Event: 72.258 Thread 0x0000000019599000 nmethod 4376 0x000000000300b490 code [0x000000000300b600, 0x000000000300b798]
Event: 72.258 Thread 0x0000000019599000 4375       1       org.springframework.beans.PropertyValue::getValue (5 bytes)
Event: 72.258 Thread 0x0000000019599000 nmethod 4375 0x000000000300b910 code [0x000000000300ba60, 0x000000000300bb70]

GC Heap History (10 events):
Event: 23.889 GC heap before
{Heap before GC invocations=8 (full 1):
 PSYoungGen      total 126464K, used 126155K [0x00000000d6300000, 0x00000000df180000, 0x0000000100000000)
  eden space 121344K, 100% used [0x00000000d6300000,0x00000000dd980000,0x00000000dd980000)
  from space 5120K, 93% used [0x00000000dec80000,0x00000000df132e08,0x00000000df180000)
  to   space 9728K, 0% used [0x00000000dde80000,0x00000000dde80000,0x00000000de800000)
 ParOldGen       total 50688K, used 9405K [0x0000000082800000, 0x0000000085980000, 0x00000000d6300000)
  object space 50688K, 18% used [0x0000000082800000,0x000000008312f7c8,0x0000000085980000)
 Metaspace       used 26038K, capacity 27122K, committed 27392K, reserved 1073152K
  class space    used 3572K, capacity 3821K, committed 3840K, reserved 1048576K
Event: 23.917 GC heap after
Heap after GC invocations=8 (full 1):
 PSYoungGen      total 136192K, used 8727K [0x00000000d6300000, 0x00000000e4e80000, 0x0000000100000000)
  eden space 126464K, 0% used [0x00000000d6300000,0x00000000d6300000,0x00000000dde80000)
  from space 9728K, 89% used [0x00000000dde80000,0x00000000de705c48,0x00000000de800000)
  to   space 10240K, 0% used [0x00000000e4480000,0x00000000e4480000,0x00000000e4e80000)
 ParOldGen       total 50688K, used 9413K [0x0000000082800000, 0x0000000085980000, 0x00000000d6300000)
  object space 50688K, 18% used [0x0000000082800000,0x00000000831317c8,0x0000000085980000)
 Metaspace       used 26038K, capacity 27122K, committed 27392K, reserved 1073152K
  class space    used 3572K, capacity 3821K, committed 3840K, reserved 1048576K
}
Event: 29.098 GC heap before
{Heap before GC invocations=9 (full 1):
 PSYoungGen      total 136192K, used 135191K [0x00000000d6300000, 0x00000000e4e80000, 0x0000000100000000)
  eden space 126464K, 100% used [0x00000000d6300000,0x00000000dde80000,0x00000000dde80000)
  from space 9728K, 89% used [0x00000000dde80000,0x00000000de705c48,0x00000000de800000)
  to   space 10240K, 0% used [0x00000000e4480000,0x00000000e4480000,0x00000000e4e80000)
 ParOldGen       total 50688K, used 9413K [0x0000000082800000, 0x0000000085980000, 0x00000000d6300000)
  object space 50688K, 18% used [0x0000000082800000,0x00000000831317c8,0x0000000085980000)
 Metaspace       used 31868K, capacity 33512K, committed 33664K, reserved 1079296K
  class space    used 4339K, capacity 4687K, committed 4736K, reserved 1048576K
Event: 29.126 GC heap after
Heap after GC invocations=9 (full 1):
 PSYoungGen      total 227328K, used 10238K [0x00000000d6300000, 0x00000000e5900000, 0x0000000100000000)
  eden space 217088K, 0% used [0x00000000d6300000,0x00000000d6300000,0x00000000e3700000)
  from space 10240K, 99% used [0x00000000e4480000,0x00000000e4e7f870,0x00000000e4e80000)
  to   space 13824K, 0% used [0x00000000e3700000,0x00000000e3700000,0x00000000e4480000)
 ParOldGen       total 50688K, used 14972K [0x0000000082800000, 0x0000000085980000, 0x00000000d6300000)
  object space 50688K, 29% used [0x0000000082800000,0x000000008369f030,0x0000000085980000)
 Metaspace       used 31868K, capacity 33512K, committed 33664K, reserved 1079296K
  class space    used 4339K, capacity 4687K, committed 4736K, reserved 1048576K
}
Event: 33.374 GC heap before
{Heap before GC invocations=10 (full 1):
 PSYoungGen      total 227328K, used 126892K [0x00000000d6300000, 0x00000000e5900000, 0x0000000100000000)
  eden space 217088K, 53% used [0x00000000d6300000,0x00000000dd4eb7f0,0x00000000e3700000)
  from space 10240K, 99% used [0x00000000e4480000,0x00000000e4e7f870,0x00000000e4e80000)
  to   space 13824K, 0% used [0x00000000e3700000,0x00000000e3700000,0x00000000e4480000)
 ParOldGen       total 50688K, used 14972K [0x0000000082800000, 0x0000000085980000, 0x00000000d6300000)
  object space 50688K, 29% used [0x0000000082800000,0x000000008369f030,0x0000000085980000)
 Metaspace       used 33629K, capacity 35320K, committed 35456K, reserved 1079296K
  class space    used 4552K, capacity 4897K, committed 4992K, reserved 1048576K
Event: 33.393 GC heap after
Heap after GC invocations=10 (full 1):
 PSYoungGen      total 230912K, used 11951K [0x00000000d6300000, 0x00000000eb080000, 0x0000000100000000)
  eden space 217088K, 0% used [0x00000000d6300000,0x00000000d6300000,0x00000000e3700000)
  from space 13824K, 86% used [0x00000000e3700000,0x00000000e42abe50,0x00000000e4480000)
  to   space 14848K, 0% used [0x00000000ea200000,0x00000000ea200000,0x00000000eb080000)
 ParOldGen       total 50688K, used 16617K [0x0000000082800000, 0x0000000085980000, 0x00000000d6300000)
  object space 50688K, 32% used [0x0000000082800000,0x000000008383a6f0,0x0000000085980000)
 Metaspace       used 33629K, capacity 35320K, committed 35456K, reserved 1079296K
  class space    used 4552K, capacity 4897K, committed 4992K, reserved 1048576K
}
Event: 33.393 GC heap before
{Heap before GC invocations=11 (full 2):
 PSYoungGen      total 230912K, used 11951K [0x00000000d6300000, 0x00000000eb080000, 0x0000000100000000)
  eden space 217088K, 0% used [0x00000000d6300000,0x00000000d6300000,0x00000000e3700000)
  from space 13824K, 86% used [0x00000000e3700000,0x00000000e42abe50,0x00000000e4480000)
  to   space 14848K, 0% used [0x00000000ea200000,0x00000000ea200000,0x00000000eb080000)
 ParOldGen       total 50688K, used 16617K [0x0000000082800000, 0x0000000085980000, 0x00000000d6300000)
  object space 50688K, 32% used [0x0000000082800000,0x000000008383a6f0,0x0000000085980000)
 Metaspace       used 33629K, capacity 35320K, committed 35456K, reserved 1079296K
  class space    used 4552K, capacity 4897K, committed 4992K, reserved 1048576K
Event: 33.564 GC heap after
Heap after GC invocations=11 (full 2):
 PSYoungGen      total 230912K, used 0K [0x00000000d6300000, 0x00000000eb080000, 0x0000000100000000)
  eden space 217088K, 0% used [0x00000000d6300000,0x00000000d6300000,0x00000000e3700000)
  from space 13824K, 0% used [0x00000000e3700000,0x00000000e3700000,0x00000000e4480000)
  to   space 14848K, 0% used [0x00000000ea200000,0x00000000ea200000,0x00000000eb080000)
 ParOldGen       total 71168K, used 20354K [0x0000000082800000, 0x0000000086d80000, 0x00000000d6300000)
  object space 71168K, 28% used [0x0000000082800000,0x0000000083be0b18,0x0000000086d80000)
 Metaspace       used 33629K, capacity 35320K, committed 35456K, reserved 1079296K
  class space    used 4552K, capacity 4897K, committed 4992K, reserved 1048576K
}
Event: 71.238 GC heap before
{Heap before GC invocations=12 (full 2):
 PSYoungGen      total 230912K, used 217088K [0x00000000d6300000, 0x00000000eb080000, 0x0000000100000000)
  eden space 217088K, 100% used [0x00000000d6300000,0x00000000e3700000,0x00000000e3700000)
  from space 13824K, 0% used [0x00000000e3700000,0x00000000e3700000,0x00000000e4480000)
  to   space 14848K, 0% used [0x00000000ea200000,0x00000000ea200000,0x00000000eb080000)
 ParOldGen       total 71168K, used 20354K [0x0000000082800000, 0x0000000086d80000, 0x00000000d6300000)
  object space 71168K, 28% used [0x0000000082800000,0x0000000083be0b18,0x0000000086d80000)
 Metaspace       used 49519K, capacity 51462K, committed 51840K, reserved 1093632K
  class space    used 6782K, capacity 7190K, committed 7296K, reserved 1048576K
Event: 71.255 GC heap after
Heap after GC invocations=12 (full 2):
 PSYoungGen      total 231936K, used 14835K [0x00000000d6300000, 0x00000000eb080000, 0x0000000100000000)
  eden space 217088K, 0% used [0x00000000d6300000,0x00000000d6300000,0x00000000e3700000)
  from space 14848K, 99% used [0x00000000ea200000,0x00000000eb07ce90,0x00000000eb080000)
  to   space 13824K, 0% used [0x00000000e3700000,0x00000000e3700000,0x00000000e4480000)
 ParOldGen       total 71168K, used 23759K [0x0000000082800000, 0x0000000086d80000, 0x00000000d6300000)
  object space 71168K, 33% used [0x0000000082800000,0x0000000083f33c00,0x0000000086d80000)
 Metaspace       used 49519K, capacity 51462K, committed 51840K, reserved 1093632K
  class space    used 6782K, capacity 7190K, committed 7296K, reserved 1048576K
}

Deoptimization events (0 events):
No events

Classes redefined (0 events):
No events

Internal exceptions (10 events):
Event: 72.239 Thread 0x000000001ab58000 Exception <a 'java/lang/NoSuchMethodError': java.lang.Object.lambda$static$0(Ljava/lang/Object;)Lorg/springframework/expression/EvaluationContext;> (0x00000000d70d6300) thrown at [C:\re\workspace\8-2-build-windows-amd64-cygwin\jdk8u231\13620\hotspot\src\s
Event: 72.255 Thread 0x000000001ab58000 Exception <a 'java/lang/ArrayIndexOutOfBoundsException'> (0x00000000d72d7408) thrown at [C:\re\workspace\8-2-build-windows-amd64-cygwin\jdk8u231\13620\hotspot\src\share\vm\runtime\sharedRuntime.cpp, line 605]
Event: 72.256 Thread 0x000000001ab58000 Exception <a 'java/lang/ArrayIndexOutOfBoundsException'> (0x00000000d72daa58) thrown at [C:\re\workspace\8-2-build-windows-amd64-cygwin\jdk8u231\13620\hotspot\src\share\vm\runtime\sharedRuntime.cpp, line 605]
Event: 72.256 Thread 0x000000001ab58000 Exception <a 'java/lang/ArrayIndexOutOfBoundsException'> (0x00000000d72dc550) thrown at [C:\re\workspace\8-2-build-windows-amd64-cygwin\jdk8u231\13620\hotspot\src\share\vm\runtime\sharedRuntime.cpp, line 605]
Event: 72.256 Thread 0x000000001ab58000 Exception <a 'java/lang/ArrayIndexOutOfBoundsException'> (0x00000000d72dfe80) thrown at [C:\re\workspace\8-2-build-windows-amd64-cygwin\jdk8u231\13620\hotspot\src\share\vm\runtime\sharedRuntime.cpp, line 605]
Event: 72.256 Thread 0x000000001ab58000 Exception <a 'java/lang/ArrayIndexOutOfBoundsException'> (0x00000000d72e1b10) thrown at [C:\re\workspace\8-2-build-windows-amd64-cygwin\jdk8u231\13620\hotspot\src\share\vm\runtime\sharedRuntime.cpp, line 605]
Event: 72.256 Thread 0x000000001ab58000 Exception <a 'java/lang/ArrayIndexOutOfBoundsException'> (0x00000000d72e4fc0) thrown at [C:\re\workspace\8-2-build-windows-amd64-cygwin\jdk8u231\13620\hotspot\src\share\vm\runtime\sharedRuntime.cpp, line 605]
Event: 72.256 Thread 0x000000001ab58000 Exception <a 'java/lang/ArrayIndexOutOfBoundsException'> (0x00000000d72e5f78) thrown at [C:\re\workspace\8-2-build-windows-amd64-cygwin\jdk8u231\13620\hotspot\src\share\vm\runtime\sharedRuntime.cpp, line 605]
Event: 72.256 Thread 0x000000001ab58000 Exception <a 'java/lang/ArrayIndexOutOfBoundsException'> (0x00000000d72e7be0) thrown at [C:\re\workspace\8-2-build-windows-amd64-cygwin\jdk8u231\13620\hotspot\src\share\vm\runtime\sharedRuntime.cpp, line 605]
Event: 72.256 Thread 0x000000001ab58000 Exception <a 'java/lang/ArrayIndexOutOfBoundsException'> (0x00000000d72e9030) thrown at [C:\re\workspace\8-2-build-windows-amd64-cygwin\jdk8u231\13620\hotspot\src\share\vm\runtime\sharedRuntime.cpp, line 605]

Events (10 events):
Event: 72.266 Thread 0x000000001ab58000 DEOPT PACKING pc=0x00000000028f083c sp=0x000000001ce1a4d0
Event: 72.266 Thread 0x000000001ab58000 DEOPT UNPACKING pc=0x0000000002757890 sp=0x000000001ce1a2f0 mode 1
Event: 72.268 loading class org/hibernate/event/spi/EventSource
Event: 72.268 loading class org/hibernate/event/spi/EventSource done
Event: 72.268 Thread 0x000000001ab58000 DEOPT PACKING pc=0x000000000292b709 sp=0x000000001ce17ce0
Event: 72.268 Thread 0x000000001ab58000 DEOPT UNPACKING pc=0x0000000002757890 sp=0x000000001ce17a30 mode 1
Event: 72.268 Thread 0x000000001ab58000 DEOPT PACKING pc=0x00000000028f08f4 sp=0x000000001ce17d60
Event: 72.268 Thread 0x000000001ab58000 DEOPT UNPACKING pc=0x0000000002757890 sp=0x000000001ce17b80 mode 1
Event: 72.268 Thread 0x000000001ab58000 DEOPT PACKING pc=0x00000000028f083c sp=0x000000001ce17ef0
Event: 72.268 Thread 0x000000001ab58000 DEOPT UNPACKING pc=0x0000000002757890 sp=0x000000001ce17d10 mode 1


Dynamic libraries:
0x00007ff642770000 - 0x00007ff6427a7000 	C:\Program Files\Java\jre1.8.0_231\bin\javaw.exe
0x00007ffe0dee0000 - 0x00007ffe0e0d0000 	C:\WINDOWS\SYSTEM32\ntdll.dll
0x00007ffe0dae0000 - 0x00007ffe0db92000 	C:\WINDOWS\System32\KERNEL32.DLL
0x00007ffe0b210000 - 0x00007ffe0b4b3000 	C:\WINDOWS\System32\KERNELBASE.dll
0x00007ffe0d110000 - 0x00007ffe0d1b3000 	C:\WINDOWS\System32\ADVAPI32.dll
0x00007ffe0d1c0000 - 0x00007ffe0d25e000 	C:\WINDOWS\System32\msvcrt.dll
0x00007ffe0bf90000 - 0x00007ffe0c027000 	C:\WINDOWS\System32\sechost.dll
0x00007ffe0c670000 - 0x00007ffe0c790000 	C:\WINDOWS\System32\RPCRT4.dll
0x00007ffe0d2b0000 - 0x00007ffe0d444000 	C:\WINDOWS\System32\USER32.dll
0x00007ffe0b7c0000 - 0x00007ffe0b7e1000 	C:\WINDOWS\System32\win32u.dll
0x00007ffe0d260000 - 0x00007ffe0d286000 	C:\WINDOWS\System32\GDI32.dll
0x00007ffe0aef0000 - 0x00007ffe0b084000 	C:\WINDOWS\System32\gdi32full.dll
0x00007ffe0b090000 - 0x00007ffe0b12e000 	C:\WINDOWS\System32\msvcp_win.dll
0x00007ffe0b4c0000 - 0x00007ffe0b5ba000 	C:\WINDOWS\System32\ucrtbase.dll
0x00007ffdfaaa0000 - 0x00007ffdfad25000 	C:\WINDOWS\WinSxS\amd64_microsoft.windows.common-controls_6595b64144ccf1df_6.0.18362.592_none_e6c0b1911312be02\COMCTL32.dll
0x00007ffe0c210000 - 0x00007ffe0c546000 	C:\WINDOWS\System32\combase.dll
0x00007ffe0b130000 - 0x00007ffe0b1b0000 	C:\WINDOWS\System32\bcryptPrimitives.dll
0x00007ffe0dc00000 - 0x00007ffe0dc2e000 	C:\WINDOWS\System32\IMM32.DLL
0x0000000073890000 - 0x0000000073962000 	C:\Program Files\Java\jre1.8.0_231\bin\msvcr100.dll
0x0000000072d60000 - 0x0000000073606000 	C:\Program Files\Java\jre1.8.0_231\bin\server\jvm.dll
0x00007ffe0c1f0000 - 0x00007ffe0c1f8000 	C:\WINDOWS\System32\PSAPI.DLL
0x00007ffdf2030000 - 0x00007ffdf2039000 	C:\WINDOWS\SYSTEM32\WSOCK32.dll
0x00007ffe0dd00000 - 0x00007ffe0dd6f000 	C:\WINDOWS\System32\WS2_32.dll
0x00007ffe065a0000 - 0x00007ffe065c4000 	C:\WINDOWS\SYSTEM32\WINMM.dll
0x00007ffe09f70000 - 0x00007ffe09f7a000 	C:\WINDOWS\SYSTEM32\VERSION.dll
0x00007ffe06550000 - 0x00007ffe0657d000 	C:\WINDOWS\SYSTEM32\WINMMBASE.dll
0x00007ffe0ae70000 - 0x00007ffe0aeba000 	C:\WINDOWS\System32\cfgmgr32.dll
0x00007ffe03e40000 - 0x00007ffe03e4f000 	C:\Program Files\Java\jre1.8.0_231\bin\verify.dll
0x00007ffdfc800000 - 0x00007ffdfc829000 	C:\Program Files\Java\jre1.8.0_231\bin\java.dll
0x00007ffdfc8e0000 - 0x00007ffdfc915000 	C:\Program Files\Java\jre1.8.0_231\bin\jdwp.dll
0x00007ffe03ce0000 - 0x00007ffe03ce8000 	C:\Program Files\Java\jre1.8.0_231\bin\npt.dll
0x00007ffdfc7e0000 - 0x00007ffdfc7f6000 	C:\Program Files\Java\jre1.8.0_231\bin\zip.dll
0x00007ffe0c790000 - 0x00007ffe0ce75000 	C:\WINDOWS\System32\SHELL32.dll
0x00007ffe0c5c0000 - 0x00007ffe0c669000 	C:\WINDOWS\System32\shcore.dll
0x00007ffe0b7f0000 - 0x00007ffe0bf6f000 	C:\WINDOWS\System32\windows.storage.dll
0x00007ffe0adc0000 - 0x00007ffe0addf000 	C:\WINDOWS\System32\profapi.dll
0x00007ffe0ade0000 - 0x00007ffe0ae2a000 	C:\WINDOWS\System32\powrprof.dll
0x00007ffe0adb0000 - 0x00007ffe0adc0000 	C:\WINDOWS\System32\UMPDC.dll
0x00007ffe0d610000 - 0x00007ffe0d662000 	C:\WINDOWS\System32\shlwapi.dll
0x00007ffe0ae30000 - 0x00007ffe0ae41000 	C:\WINDOWS\System32\kernel.appcore.dll
0x00007ffe0bf70000 - 0x00007ffe0bf87000 	C:\WINDOWS\System32\cryptsp.dll
0x00007ffe03bf0000 - 0x00007ffe03bf9000 	C:\Program Files\Java\jre1.8.0_231\bin\dt_socket.dll
0x00007ffdeff50000 - 0x00007ffdeff66000 	C:\WINDOWS\system32\napinsp.dll
0x00007ffdeff30000 - 0x00007ffdeff4a000 	C:\WINDOWS\system32\pnrpnsp.dll
0x00007ffe0a620000 - 0x00007ffe0a687000 	C:\WINDOWS\System32\mswsock.dll
0x00007ffe0a370000 - 0x00007ffe0a43a000 	C:\WINDOWS\SYSTEM32\DNSAPI.dll
0x00007ffe0d600000 - 0x00007ffe0d608000 	C:\WINDOWS\System32\NSI.dll
0x00007ffe0a330000 - 0x00007ffe0a36a000 	C:\WINDOWS\SYSTEM32\IPHLPAPI.DLL
0x00007ffdeff20000 - 0x00007ffdeff2e000 	C:\WINDOWS\System32\winrnr.dll
0x00007ffe076b0000 - 0x00007ffe076cc000 	C:\WINDOWS\system32\NLAapi.dll
0x00007ffdeff00000 - 0x00007ffdeff15000 	C:\WINDOWS\system32\wshbth.dll
0x00007ffe01c20000 - 0x00007ffe01c97000 	C:\WINDOWS\System32\fwpuclnt.dll
0x00007ffe0aec0000 - 0x00007ffe0aee6000 	C:\WINDOWS\System32\bcrypt.dll
0x00007ffdf8f90000 - 0x00007ffdf8f9a000 	C:\Windows\System32\rasadhlp.dll
0x00007ffdfc9f0000 - 0x00007ffdfc9fd000 	C:\Program Files\Java\jre1.8.0_231\bin\management.dll
0x00007ffdfc570000 - 0x00007ffdfc58a000 	C:\Program Files\Java\jre1.8.0_231\bin\net.dll
0x00007ffdfc550000 - 0x00007ffdfc562000 	C:\Program Files\Java\jre1.8.0_231\bin\nio.dll
0x00007ffe0a190000 - 0x00007ffe0a1c3000 	C:\WINDOWS\system32\rsaenh.dll
0x00007ffe0acd0000 - 0x00007ffe0acf5000 	C:\WINDOWS\SYSTEM32\USERENV.dll
0x00007ffe0a7f0000 - 0x00007ffe0a7fc000 	C:\WINDOWS\SYSTEM32\CRYPTBASE.dll
0x00007ffe028f0000 - 0x00007ffe02906000 	C:\WINDOWS\SYSTEM32\dhcpcsvc6.DLL
0x00007ffe03010000 - 0x00007ffe0302c000 	C:\WINDOWS\SYSTEM32\dhcpcsvc.DLL
0x00007ffddfdb0000 - 0x00007ffddfdd4000 	C:\Program Files\Java\jre1.8.0_231\bin\sunec.dll

VM Arguments:
jvm_args: -agentlib:jdwp=transport=dt_socket,suspend=y,address=localhost:13860 -Dcom.sun.management.jmxremote -Dcom.sun.management.jmxremote.port=13849 -Dcom.sun.management.jmxremote.authenticate=false -Dcom.sun.management.jmxremote.ssl=false -Djava.rmi.server.hostname=localhost -Dspring.application.admin.enabled=true -Xverify:none -XX:TieredStopAtLevel=1 -Dfile.encoding=UTF-8 
java_command: com.csk.photoapp.api.users.PhotoAppApiUsersApplication --spring.output.ansi.enabled=always
java_class_path (initial): D:\spring\workspaces\microservices\PhotoAppApiUsers\target\classes;C:\Users\chity\.m2\repository\org\springframework\boot\spring-boot-starter-web\2.1.9.RELEASE\spring-boot-starter-web-2.1.9.RELEASE.jar;C:\Users\chity\.m2\repository\org\springframework\boot\spring-boot-starter\2.1.9.RELEASE\spring-boot-starter-2.1.9.RELEASE.jar;C:\Users\chity\.m2\repository\org\springframework\boot\spring-boot-starter-logging\2.1.9.RELEASE\spring-boot-starter-logging-2.1.9.RELEASE.jar;C:\Users\chity\.m2\repository\ch\qos\logback\logback-classic\1.2.3\logback-classic-1.2.3.jar;C:\Users\chity\.m2\repository\ch\qos\logback\logback-core\1.2.3\logback-core-1.2.3.jar;C:\Users\chity\.m2\repository\org\apache\logging\log4j\log4j-to-slf4j\2.11.2\log4j-to-slf4j-2.11.2.jar;C:\Users\chity\.m2\repository\org\apache\logging\log4j\log4j-api\2.11.2\log4j-api-2.11.2.jar;C:\Users\chity\.m2\repository\org\slf4j\jul-to-slf4j\1.7.28\jul-to-slf4j-1.7.28.jar;C:\Users\chity\.m2\repository\javax\annotation\javax.annotation-api\1.3.2\javax.annotation-api-1.3.2.jar;C:\Users\chity\.m2\repository\org\yaml\snakeyaml\1.23\snakeyaml-1.23.jar;C:\Users\chity\.m2\repository\org\springframework\boot\spring-boot-starter-json\2.1.9.RELEASE\spring-boot-starter-json-2.1.9.RELEASE.jar;C:\Users\chity\.m2\repository\com\fasterxml\jackson\datatype\jackson-datatype-jdk8\2.9.9\jackson-datatype-jdk8-2.9.9.jar;C:\Users\chity\.m2\repository\com\fasterxml\jackson\datatype\jackson-datatype-jsr310\2.9.9\jackson-datatype-jsr310-2.9.9.jar;C:\Users\chity\.m2\repository\com\fasterxml\jackson\module\jackson-module-parameter-names\2.9.9\jackson-module-parameter-names-2.9.9.jar;C:\Users\chity\.m2\repository\org\springframework\boot\spring-boot-starter-tomcat\2.1.9.RELEASE\spring-boot-starter-tomcat-2.1.9.RELEASE.jar;C:\Users\chity\.m2\repository\org\apache\tomcat\embed\tomcat-embed-core\9.0.26\tomcat-embed-core-9.0.26.jar;C:\Users\chity\.m2\repository\org\apache\tomcat\embed\tomcat-embed-el\9.0.26\tomcat-embed-el
Launcher Type: SUN_STANDARD

Environment Variables:
JAVA_HOME=C:\Program Files\Java\jdk1.8.0_201
CLASSPATH=.
PATH=C:/Program Files/Java/jre1.8.0_231/bin/server;C:/Program Files/Java/jre1.8.0_231/bin;C:/Program Files/Java/jre1.8.0_231/lib/amd64;C:\Users\chity\AppData\Local\Programs\Python\Python38\Scripts\;C:\Users\chity\AppData\Local\Programs\Python\Python38\;C:\oraclexe\app\oracle\product\11.2.0\server\bin;C:\Program Files (x86)\Common Files\Oracle\Java\javapath;C:\Windows\system32;C:\Windows;C:\Windows\System32\Wbem;C:\Windows\System32\WindowsPowerShell\v1.0\;C:\Windows\System32\OpenSSH\;C:\Program Files (x86)\NVIDIA Corporation\PhysX\Common;C:\Program Files\Java\jdk-11.0.2\bin;C:\Program Files\Java\jdk1.8.0_201\bin;C:\Program Files\Java\jre1.8.0_201\bin;D:\softwares\kaboom\Maven\bin;C:\WINDOWS\system32;C:\WINDOWS;C:\WINDOWS\System32\Wbem;C:\WINDOWS\System32\WindowsPowerShell\v1.0\;C:\WINDOWS\System32\OpenSSH\;C:\platform-tools_r28.0.3-windows\platform-tools;C:\adb;C:\Program Files\nodejs\;C:\Users\chity\AppData\Roaming\npm;C:\Program Files\ibm\gsk8\lib64;C:\Program Files (x86)\ibm\gsk8\lib;C:\Program Files\dotnet\;C:\Program Files\Microsoft SQL Server\130\Tools\Binn\;C:\Program Files\Microsoft SQL Server\Client SDK\ODBC\170\Tools\Binn\;D:\installations\Git\cmd;C:\Users\chity\Downloads\Compressed\php-5.4.0-Win32-VC9-x64;D:\softwares\kaboom\apache-cassandra-3.11.4\bin;C:\Program Files\PostgreSQL\12\bin;C:\Program Files\PostgreSQL\12\lib;C:\Program Files\NVIDIA Corporation\NVIDIA NvDLISR;C:\Program Files (x86)\Intel\Intel(R) Management Engine Components\DAL;C:\Program Files\Intel\Intel(R) Management Engine Components\DAL;C:\Android;C:\Program Files\PuTTY\;D:\installations\Python 3.8.1\Scripts\;D:\installations\Python 3.8.1\;C:\Users\chity\AppData\Local\Programs\Microsoft VS Code\bin;C:\Users\chity\AppData\Local\Android\Sdk\tools;C:\Users\chity\AppData\Local\Android\Sdk\platform-tools;C:\Users\chity\AppData\Local\Android\Sdk\platform-tools\adb.exe;D:\pycharm\PyCharm Community Edition 2019.3.1\bin;D:\softwares\kaboom\sts\sts-4.1.1.RELEASE;
USERNAME=chity
OS=Windows_NT
PROCESSOR_IDENTIFIER=Intel64 Family 6 Model 142 Stepping 10, GenuineIntel



---------------  S Y S T E M  ---------------

OS: Windows 10.0 , 64 bit Build 18362 (10.0.18362.329)

CPU:total 8 (initial active 8) (4 cores per cpu, 2 threads per core) family 6 model 142 stepping 10, cmov, cx8, fxsr, mmx, sse, sse2, sse3, ssse3, sse4.1, sse4.2, popcnt, avx, avx2, aes, clmul, erms, 3dnowpref, lzcnt, ht, tsc, tscinvbit, bmi1, bmi2, adx

Memory: 4k page, physical 8218476k(372396k free), swap 21983080k(0k free)

vm_info: Java HotSpot(TM) 64-Bit Server VM (25.231-b11) for windows-amd64 JRE (1.8.0_231-b11), built on Oct  5 2019 03:11:30 by "java_re" with MS VC++ 10.0 (VS2010)

time: Sat Feb 01 00:34:39 2020
timezone: India Standard Time
elapsed time: 72 seconds (0d 0h 1m 12s)

