#
# There is insufficient memory for the Java Runtime Environment to continue.
# Native memory allocation (malloc) failed to allocate 32744 bytes for ChunkPool::allocate
# Possible reasons:
#   The system is out of physical RAM or swap space
#   The process is running with CompressedOops enabled, and the Java Heap may be blocking the growth of the native heap
# Possible solutions:
#   Reduce memory load on the system
#   Increase physical memory or swap space
#   Check if swap backing store is full
#   Decrease Java heap size (-Xmx/-Xms)
#   Decrease number of Java threads
#   Decrease Java thread stack sizes (-Xss)
#   Set larger code cache with -XX:ReservedCodeCacheSize=
#   JVM is running with Unscaled Compressed Oops mode in which the Java heap is
#     placed in the first 4GB address space. The Java Heap base address is the
#     maximum limit for the native heap growth. Please use -XX:HeapBaseMinAddress
#     to set the Java Heap base and to place the Java Heap above 4GB virtual address.
# This output file may be truncated or incomplete.
#
#  Out of Memory Error (allocation.cpp:272), pid=10356, tid=0x0000000000002b38
#
# JRE version: Java(TM) SE Runtime Environment (8.0_231-b11) (build 1.8.0_231-b11)
# Java VM: Java HotSpot(TM) 64-Bit Server VM (25.231-b11 mixed mode windows-amd64 compressed oops)
# Failed to write core dump. Minidumps are not enabled by default on client versions of Windows
#

---------------  T H R E A D  ---------------

Current thread (0x000000001c6d5800):  JavaThread "restartedMain" [_thread_in_vm, id=11064, stack(0x000000001d810000,0x000000001d910000)]

Stack: [0x000000001d810000,0x000000001d910000]
[error occurred during error reporting (printing stack bounds), id 0xc0000005]

Native frames: (J=compiled Java code, j=interpreted, Vv=VM code, C=native code)

Java frames: (J=compiled Java code, j=interpreted, Vv=VM code)
J 900  java.lang.ClassLoader.defineClass1(Ljava/lang/String;[BIILjava/security/ProtectionDomain;Ljava/lang/String;)Ljava/lang/Class; (0 bytes) @ 0x000000000337b91f [0x000000000337b880+0x9f]
J 898 C1 java.lang.ClassLoader.defineClass(Ljava/lang/String;[BIILjava/security/ProtectionDomain;)Ljava/lang/Class; (43 bytes) @ 0x000000000337a0fc [0x0000000003379fe0+0x11c]
J 902 C1 java.net.URLClassLoader.defineClass(Ljava/lang/String;Lsun/misc/Resource;)Ljava/lang/Class; (142 bytes) @ 0x000000000337cc64 [0x000000000337c260+0xa04]
J 734 C1 java.net.URLClassLoader$1.run()Ljava/lang/Class; (63 bytes) @ 0x00000000033347cc [0x0000000003334700+0xcc]
J 733 C1 java.net.URLClassLoader$1.run()Ljava/lang/Object; (5 bytes) @ 0x00000000033343dc [0x00000000033343a0+0x3c]
v  ~StubRoutines::call_stub
J 261  java.security.AccessController.doPrivileged(Ljava/security/PrivilegedExceptionAction;Ljava/security/AccessControlContext;)Ljava/lang/Object; (0 bytes) @ 0x000000000326b426 [0x000000000326b3c0+0x66]
J 662 C1 java.net.URLClassLoader.findClass(Ljava/lang/String;)Ljava/lang/Class; (47 bytes) @ 0x000000000331a9dc [0x000000000331a920+0xbc]
j  java.lang.ClassLoader.loadClass(Ljava/lang/String;Z)Ljava/lang/Class;+70
J 614 C1 sun.misc.Launcher$AppClassLoader.loadClass(Ljava/lang/String;Z)Ljava/lang/Class; (85 bytes) @ 0x00000000032fdc74 [0x00000000032fd980+0x2f4]
J 612 C1 java.lang.ClassLoader.loadClass(Ljava/lang/String;)Ljava/lang/Class; (7 bytes) @ 0x00000000032fd27c [0x00000000032fd220+0x5c]
v  ~StubRoutines::call_stub
J 900  java.lang.ClassLoader.defineClass1(Ljava/lang/String;[BIILjava/security/ProtectionDomain;Ljava/lang/String;)Ljava/lang/Class; (0 bytes) @ 0x000000000337b91f [0x000000000337b880+0x9f]
J 898 C1 java.lang.ClassLoader.defineClass(Ljava/lang/String;[BIILjava/security/ProtectionDomain;)Ljava/lang/Class; (43 bytes) @ 0x000000000337a0fc [0x0000000003379fe0+0x11c]
J 902 C1 java.net.URLClassLoader.defineClass(Ljava/lang/String;Lsun/misc/Resource;)Ljava/lang/Class; (142 bytes) @ 0x000000000337cc64 [0x000000000337c260+0xa04]
J 734 C1 java.net.URLClassLoader$1.run()Ljava/lang/Class; (63 bytes) @ 0x00000000033347cc [0x0000000003334700+0xcc]
J 733 C1 java.net.URLClassLoader$1.run()Ljava/lang/Object; (5 bytes) @ 0x00000000033343dc [0x00000000033343a0+0x3c]
v  ~StubRoutines::call_stub
J 261  java.security.AccessController.doPrivileged(Ljava/security/PrivilegedExceptionAction;Ljava/security/AccessControlContext;)Ljava/lang/Object; (0 bytes) @ 0x000000000326b426 [0x000000000326b3c0+0x66]
J 662 C1 java.net.URLClassLoader.findClass(Ljava/lang/String;)Ljava/lang/Class; (47 bytes) @ 0x000000000331a9dc [0x000000000331a920+0xbc]
j  java.lang.ClassLoader.loadClass(Ljava/lang/String;Z)Ljava/lang/Class;+70
J 614 C1 sun.misc.Launcher$AppClassLoader.loadClass(Ljava/lang/String;Z)Ljava/lang/Class; (85 bytes) @ 0x00000000032fdc74 [0x00000000032fd980+0x2f4]
J 612 C1 java.lang.ClassLoader.loadClass(Ljava/lang/String;)Ljava/lang/Class; (7 bytes) @ 0x00000000032fd27c [0x00000000032fd220+0x5c]
v  ~StubRoutines::call_stub
j  org.hibernate.internal.SessionFactoryImpl$SessionBuilderImpl.openSession()Lorg/hibernate/Session;+16
j  org.hibernate.internal.SessionFactoryImpl.buildEntityManager(Ljavax/persistence/SynchronizationType;Ljava/util/Map;)Lorg/hibernate/Session;+53
j  org.hibernate.internal.SessionFactoryImpl.createEntityManager()Lorg/hibernate/Session;+11
j  org.hibernate.internal.SessionFactoryImpl.createEntityManager()Ljavax/persistence/EntityManager;+1
v  ~StubRoutines::call_stub
J 1400  sun.reflect.NativeMethodAccessorImpl.invoke0(Ljava/lang/reflect/Method;Ljava/lang/Object;[Ljava/lang/Object;)Ljava/lang/Object; (0 bytes) @ 0x0000000003447bff [0x0000000003447b80+0x7f]
J 1399 C1 sun.reflect.NativeMethodAccessorImpl.invoke(Ljava/lang/Object;[Ljava/lang/Object;)Ljava/lang/Object; (104 bytes) @ 0x0000000003448394 [0x0000000003447fe0+0x3b4]
J 1374 C1 sun.reflect.DelegatingMethodAccessorImpl.invoke(Ljava/lang/Object;[Ljava/lang/Object;)Ljava/lang/Object; (10 bytes) @ 0x00000000034328bc [0x0000000003432860+0x5c]
J 1373 C1 java.lang.reflect.Method.invoke(Ljava/lang/Object;[Ljava/lang/Object;)Ljava/lang/Object; (62 bytes) @ 0x000000000343248c [0x0000000003432360+0x12c]
j  org.springframework.orm.jpa.AbstractEntityManagerFactoryBean.invokeProxyMethod(Ljava/lang/reflect/Method;[Ljava/lang/Object;)Ljava/lang/Object;+157
j  org.springframework.orm.jpa.AbstractEntityManagerFactoryBean$ManagedEntityManagerFactoryInvocationHandler.invoke(Ljava/lang/Object;Ljava/lang/reflect/Method;[Ljava/lang/Object;)Ljava/lang/Object;+98
j  com.sun.proxy.$Proxy101.createEntityManager()Ljavax/persistence/EntityManager;+9
j  org.springframework.orm.jpa.SharedEntityManagerCreator$SharedEntityManagerInvocationHandler.invoke(Ljava/lang/Object;Ljava/lang/reflect/Method;[Ljava/lang/Object;)Ljava/lang/Object;+481
j  com.sun.proxy.$Proxy106.getDelegate()Ljava/lang/Object;+9
j  org.springframework.data.jpa.provider.PersistenceProvider.fromEntityManager(Ljavax/persistence/EntityManager;)Lorg/springframework/data/jpa/provider/PersistenceProvider;+7
j  org.springframework.data.jpa.repository.support.JpaRepositoryFactory.<init>(Ljavax/persistence/EntityManager;)V+24
j  org.springframework.data.jpa.repository.support.JpaRepositoryFactoryBean.createRepositoryFactory(Ljavax/persistence/EntityManager;)Lorg/springframework/data/repository/core/support/RepositoryFactorySupport;+5
j  org.springframework.data.jpa.repository.support.JpaRepositoryFactoryBean.doCreateRepositoryFactory()Lorg/springframework/data/repository/core/support/RepositoryFactorySupport;+22
j  org.springframework.data.repository.core.support.TransactionalRepositoryFactoryBeanSupport.createRepositoryFactory()Lorg/springframework/data/repository/core/support/RepositoryFactorySupport;+1
j  org.springframework.data.repository.core.support.RepositoryFactoryBeanSupport.afterPropertiesSet()V+2
j  org.springframework.data.jpa.repository.support.JpaRepositoryFactoryBean.afterPropertiesSet()V+18
j  org.springframework.beans.factory.support.AbstractAutowireCapableBeanFactory.invokeInitMethods(Ljava/lang/String;Ljava/lang/Object;Lorg/springframework/beans/factory/support/RootBeanDefinition;)V+106
j  org.springframework.beans.factory.support.AbstractAutowireCapableBeanFactory.initializeBean(Ljava/lang/String;Ljava/lang/Object;Lorg/springframework/beans/factory/support/RootBeanDefinition;)Ljava/lang/Object;+59
j  org.springframework.beans.factory.support.AbstractAutowireCapableBeanFactory.doCreateBean(Ljava/lang/String;Lorg/springframework/beans/factory/support/RootBeanDefinition;[Ljava/lang/Object;)Ljava/lang/Object;+245
j  org.springframework.beans.factory.support.AbstractAutowireCapableBeanFactory.createBean(Ljava/lang/String;Lorg/springframework/beans/factory/support/RootBeanDefinition;[Ljava/lang/Object;)Ljava/lang/Object;+169
j  org.springframework.beans.factory.support.AbstractBeanFactory.lambda$doGetBean$0(Ljava/lang/String;Lorg/springframework/beans/factory/support/RootBeanDefinition;[Ljava/lang/Object;)Ljava/lang/Object;+4
j  org.springframework.beans.factory.support.AbstractBeanFactory$$Lambda$147.getObject()Ljava/lang/Object;+16
j  org.springframework.beans.factory.support.DefaultSingletonBeanRegistry.getSingleton(Ljava/lang/String;Lorg/springframework/beans/factory/ObjectFactory;)Ljava/lang/Object;+132
J 2580 C1 org.springframework.beans.factory.support.AbstractBeanFactory.doGetBean(Ljava/lang/String;Ljava/lang/Class;[Ljava/lang/Object;Z)Ljava/lang/Object; (833 bytes) @ 0x00000000036a823c [0x00000000036a7c60+0x5dc]
j  org.springframework.beans.factory.support.AbstractBeanFactory.getBean(Ljava/lang/String;)Ljava/lang/Object;+5
j  org.springframework.beans.factory.config.DependencyDescriptor.resolveCandidate(Ljava/lang/String;Ljava/lang/Class;Lorg/springframework/beans/factory/BeanFactory;)Ljava/lang/Object;+2
j  org.springframework.beans.factory.support.DefaultListableBeanFactory.doResolveDependency(Lorg/springframework/beans/factory/config/DependencyDescriptor;Ljava/lang/String;Ljava/util/Set;Lorg/springframework/beans/TypeConverter;)Ljava/lang/Object;+440
j  org.springframework.beans.factory.support.DefaultListableBeanFactory.resolveDependency(Lorg/springframework/beans/factory/config/DependencyDescriptor;Ljava/lang/String;Ljava/util/Set;Lorg/springframework/beans/TypeConverter;)Ljava/lang/Object;+108
j  org.springframework.beans.factory.annotation.AutowiredAnnotationBeanPostProcessor$AutowiredFieldElement.inject(Ljava/lang/Object;Ljava/lang/String;Lorg/springframework/beans/PropertyValues;)V+115
J 4295 C1 org.springframework.beans.factory.annotation.InjectionMetadata.inject(Ljava/lang/Object;Ljava/lang/String;Lorg/springframework/beans/PropertyValues;)V (123 bytes) @ 0x00000000036d8d94 [0x00000000036d8a20+0x374]
j  org.springframework.beans.factory.annotation.AutowiredAnnotationBeanPostProcessor.postProcessProperties(Lorg/springframework/beans/PropertyValues;Ljava/lang/Object;Ljava/lang/String;)Lorg/springframework/beans/PropertyValues;+17
J 4310 C1 org.springframework.beans.factory.support.AbstractAutowireCapableBeanFactory.populateBean(Ljava/lang/String;Lorg/springframework/beans/factory/support/RootBeanDefinition;Lorg/springframework/beans/BeanWrapper;)V (412 bytes) @ 0x00000000039b2c14 [0x00000000039b22c0+0x954]
j  org.springframework.beans.factory.support.AbstractAutowireCapableBeanFactory.doCreateBean(Ljava/lang/String;Lorg/springframework/beans/factory/support/RootBeanDefinition;[Ljava/lang/Object;)Ljava/lang/Object;+237
j  org.springframework.beans.factory.support.AbstractAutowireCapableBeanFactory.createBean(Ljava/lang/String;Lorg/springframework/beans/factory/support/RootBeanDefinition;[Ljava/lang/Object;)Ljava/lang/Object;+169
j  org.springframework.beans.factory.support.AbstractBeanFactory.lambda$doGetBean$0(Ljava/lang/String;Lorg/springframework/beans/factory/support/RootBeanDefinition;[Ljava/lang/Object;)Ljava/lang/Object;+4
j  org.springframework.beans.factory.support.AbstractBeanFactory$$Lambda$147.getObject()Ljava/lang/Object;+16
j  org.springframework.beans.factory.support.DefaultSingletonBeanRegistry.getSingleton(Ljava/lang/String;Lorg/springframework/beans/factory/ObjectFactory;)Ljava/lang/Object;+132
J 2580 C1 org.springframework.beans.factory.support.AbstractBeanFactory.doGetBean(Ljava/lang/String;Ljava/lang/Class;[Ljava/lang/Object;Z)Ljava/lang/Object; (833 bytes) @ 0x00000000036a823c [0x00000000036a7c60+0x5dc]
j  org.springframework.beans.factory.support.AbstractBeanFactory.getBean(Ljava/lang/String;)Ljava/lang/Object;+5
j  org.springframework.beans.factory.config.DependencyDescriptor.resolveCandidate(Ljava/lang/String;Ljava/lang/Class;Lorg/springframework/beans/factory/BeanFactory;)Ljava/lang/Object;+2
j  org.springframework.beans.factory.support.DefaultListableBeanFactory.doResolveDependency(Lorg/springframework/beans/factory/config/DependencyDescriptor;Ljava/lang/String;Ljava/util/Set;Lorg/springframework/beans/TypeConverter;)Ljava/lang/Object;+440
j  org.springframework.beans.factory.support.DefaultListableBeanFactory.resolveDependency(Lorg/springframework/beans/factory/config/DependencyDescriptor;Ljava/lang/String;Ljava/util/Set;Lorg/springframework/beans/TypeConverter;)Ljava/lang/Object;+108
j  org.springframework.beans.factory.annotation.AutowiredAnnotationBeanPostProcessor$AutowiredFieldElement.inject(Ljava/lang/Object;Ljava/lang/String;Lorg/springframework/beans/PropertyValues;)V+115
J 4295 C1 org.springframework.beans.factory.annotation.InjectionMetadata.inject(Ljava/lang/Object;Ljava/lang/String;Lorg/springframework/beans/PropertyValues;)V (123 bytes) @ 0x00000000036d8d94 [0x00000000036d8a20+0x374]
j  org.springframework.beans.factory.annotation.AutowiredAnnotationBeanPostProcessor.postProcessProperties(Lorg/springframework/beans/PropertyValues;Ljava/lang/Object;Ljava/lang/String;)Lorg/springframework/beans/PropertyValues;+17
J 4310 C1 org.springframework.beans.factory.support.AbstractAutowireCapableBeanFactory.populateBean(Ljava/lang/String;Lorg/springframework/beans/factory/support/RootBeanDefinition;Lorg/springframework/beans/BeanWrapper;)V (412 bytes) @ 0x00000000039b2c14 [0x00000000039b22c0+0x954]
j  org.springframework.beans.factory.support.AbstractAutowireCapableBeanFactory.doCreateBean(Ljava/lang/String;Lorg/springframework/beans/factory/support/RootBeanDefinition;[Ljava/lang/Object;)Ljava/lang/Object;+237
j  org.springframework.beans.factory.support.AbstractAutowireCapableBeanFactory.createBean(Ljava/lang/String;Lorg/springframework/beans/factory/support/RootBeanDefinition;[Ljava/lang/Object;)Ljava/lang/Object;+169
j  org.springframework.beans.factory.support.AbstractBeanFactory.lambda$doGetBean$0(Ljava/lang/String;Lorg/springframework/beans/factory/support/RootBeanDefinition;[Ljava/lang/Object;)Ljava/lang/Object;+4
j  org.springframework.beans.factory.support.AbstractBeanFactory$$Lambda$147.getObject()Ljava/lang/Object;+16
j  org.springframework.beans.factory.support.DefaultSingletonBeanRegistry.getSingleton(Ljava/lang/String;Lorg/springframework/beans/factory/ObjectFactory;)Ljava/lang/Object;+132
J 2580 C1 org.springframework.beans.factory.support.AbstractBeanFactory.doGetBean(Ljava/lang/String;Ljava/lang/Class;[Ljava/lang/Object;Z)Ljava/lang/Object; (833 bytes) @ 0x00000000036a823c [0x00000000036a7c60+0x5dc]
j  org.springframework.beans.factory.support.AbstractBeanFactory.getBean(Ljava/lang/String;)Ljava/lang/Object;+5
j  org.springframework.beans.factory.support.DefaultListableBeanFactory.preInstantiateSingletons()V+248
j  org.springframework.context.support.AbstractApplicationContext.finishBeanFactoryInitialization(Lorg/springframework/beans/factory/config/ConfigurableListableBeanFactory;)V+124
j  org.springframework.context.support.AbstractApplicationContext.refresh()V+54
j  org.springframework.boot.web.servlet.context.ServletWebServerApplicationContext.refresh()V+1
j  org.springframework.boot.SpringApplication.refresh(Lorg/springframework/context/ApplicationContext;)V+10
j  org.springframework.boot.SpringApplication.refreshContext(Lorg/springframework/context/ConfigurableApplicationContext;)V+2
j  org.springframework.boot.SpringApplication.run([Ljava/lang/String;)Lorg/springframework/context/ConfigurableApplicationContext;+118
j  org.springframework.boot.SpringApplication.run([Ljava/lang/Class;[Ljava/lang/String;)Lorg/springframework/context/ConfigurableApplicationContext;+9
j  org.springframework.boot.SpringApplication.run(Ljava/lang/Class;[Ljava/lang/String;)Lorg/springframework/context/ConfigurableApplicationContext;+9
j  com.csk.photoapp.api.users.PhotoAppApiUsersApplication.main([Ljava/lang/String;)V+3
v  ~StubRoutines::call_stub
j  sun.reflect.NativeMethodAccessorImpl.invoke0(Ljava/lang/reflect/Method;Ljava/lang/Object;[Ljava/lang/Object;)Ljava/lang/Object;+0
j  sun.reflect.NativeMethodAccessorImpl.invoke(Ljava/lang/Object;[Ljava/lang/Object;)Ljava/lang/Object;+100
j  sun.reflect.DelegatingMethodAccessorImpl.invoke(Ljava/lang/Object;[Ljava/lang/Object;)Ljava/lang/Object;+6
j  java.lang.reflect.Method.invoke(Ljava/lang/Object;[Ljava/lang/Object;)Ljava/lang/Object;+56
j  org.springframework.boot.devtools.restart.RestartLauncher.run()V+41
v  ~StubRoutines::call_stub

---------------  P R O C E S S  ---------------

Java Threads: ( => current thread )
  0x000000001f224000 JavaThread "HikariPool-1 connection adder" daemon [_thread_blocked, id=3816, stack(0x00000000205e0000,0x00000000206e0000)]
  0x000000001a22e800 JavaThread "HikariPool-1 housekeeper" daemon [_thread_blocked, id=23872, stack(0x00000000204e0000,0x00000000205e0000)]
  0x000000001a22e000 JavaThread "container-0" [_thread_blocked, id=16476, stack(0x00000000200e0000,0x00000000201e0000)]
  0x000000001a22d000 JavaThread "Catalina-utility-2" [_thread_blocked, id=6120, stack(0x000000001ffe0000,0x00000000200e0000)]
  0x000000001a22f800 JavaThread "Catalina-utility-1" [_thread_blocked, id=12572, stack(0x000000001fee0000,0x000000001ffe0000)]
=>0x000000001c6d5800 JavaThread "restartedMain" [_thread_in_vm, id=11064, stack(0x000000001d810000,0x000000001d910000)]
  0x000000001a274800 JavaThread "Thread-2" [_thread_blocked, id=15036, stack(0x000000001d710000,0x000000001d810000)]
  0x000000001c641800 JavaThread "JMX server connection timeout 21" daemon [_thread_blocked, id=12924, stack(0x000000001d610000,0x000000001d710000)]
  0x000000001bae2000 JavaThread "RMI TCP Connection(2)-127.0.0.1" daemon [_thread_in_native, id=23420, stack(0x000000001c440000,0x000000001c540000)]
  0x000000001badf800 JavaThread "RMI Scheduler(0)" daemon [_thread_blocked, id=6100, stack(0x000000001c340000,0x000000001c440000)]
  0x000000001ba24800 JavaThread "RMI TCP Connection(idle)" daemon [_thread_blocked, id=2876, stack(0x000000001c040000,0x000000001c140000)]
  0x000000001b8e0800 JavaThread "RMI TCP Accept-0" daemon [_thread_in_native, id=18120, stack(0x000000001bd00000,0x000000001be00000)]
  0x000000001b8d1000 JavaThread "RMI TCP Accept-13851" daemon [_thread_in_native, id=19040, stack(0x000000001bc00000,0x000000001bd00000)]
  0x000000001b8c7000 JavaThread "RMI TCP Accept-0" daemon [_thread_in_native, id=12228, stack(0x000000001bb00000,0x000000001bc00000)]
  0x0000000019f88000 JavaThread "Service Thread" daemon [_thread_blocked, id=8404, stack(0x000000001b200000,0x000000001b300000)]
  0x0000000019f7e800 JavaThread "C1 CompilerThread3" daemon [_thread_blocked, id=18060, stack(0x000000001b100000,0x000000001b200000)]
  0x0000000019f7a800 JavaThread "C2 CompilerThread2" daemon [_thread_blocked, id=13020, stack(0x000000001b000000,0x000000001b100000)]
  0x0000000019f79800 JavaThread "C2 CompilerThread1" daemon [_thread_blocked, id=21692, stack(0x000000001af00000,0x000000001b000000)]
  0x0000000019f21800 JavaThread "C2 CompilerThread0" daemon [_thread_blocked, id=12748, stack(0x000000001ae00000,0x000000001af00000)]
  0x0000000019f12000 JavaThread "JDWP Command Reader" daemon [_thread_in_native, id=3304, stack(0x000000001ad00000,0x000000001ae00000)]
  0x0000000019f0b800 JavaThread "JDWP Event Helper Thread" daemon [_thread_blocked, id=9596, stack(0x000000001ac00000,0x000000001ad00000)]
  0x0000000019f01000 JavaThread "JDWP Transport Listener: dt_socket" daemon [_thread_blocked, id=8352, stack(0x000000001ab00000,0x000000001ac00000)]
  0x0000000019ef7000 JavaThread "Attach Listener" daemon [_thread_blocked, id=1180, stack(0x000000001a6c0000,0x000000001a7c0000)]
  0x0000000019ef6000 JavaThread "Signal Dispatcher" daemon [_thread_blocked, id=19156, stack(0x000000001a5c0000,0x000000001a6c0000)]
  0x0000000017ff5800 JavaThread "Finalizer" daemon [_thread_blocked, id=8252, stack(0x000000001a2c0000,0x000000001a3c0000)]
  0x0000000017fee000 JavaThread "Reference Handler" daemon [_thread_blocked, id=23632, stack(0x0000000019dc0000,0x0000000019ec0000)]
  0x000000000300a000 JavaThread "main" [_thread_blocked, id=16936, stack(0x0000000002f00000,0x0000000003000000)]

Other Threads:
  0x00000000030fe800 VMThread [stack: 0x0000000019cc0000,0x0000000019dc0000] [id=12612]
  0x000000001b8ee800 WatcherThread [stack: 0x000000001be00000,0x000000001bf00000] [id=17612]

VM state:not at safepoint (normal execution)

VM Mutex/Monitor currently owned by a thread: None

heap address: 0x0000000082800000, size: 2008 MB, Compressed Oops mode: 32-bit
Narrow klass base: 0x0000000000000000, Narrow klass shift: 3
Compressed class space size: 1073741824 Address: 0x0000000100000000

Heap:
 PSYoungGen      total 258048K, used 4549K [0x00000000d6300000, 0x00000000f2b80000, 0x0000000100000000)
  eden space 245248K, 1% used [0x00000000d6300000,0x00000000d67716b0,0x00000000e5280000)
  from space 12800K, 0% used [0x00000000e5280000,0x00000000e5280000,0x00000000e5f00000)
  to   space 20992K, 0% used [0x00000000f1700000,0x00000000f1700000,0x00000000f2b80000)
 ParOldGen       total 67072K, used 36637K [0x0000000082800000, 0x0000000086980000, 0x00000000d6300000)
  object space 67072K, 54% used [0x0000000082800000,0x0000000084bc7778,0x0000000086980000)
 Metaspace       used 50141K, capacity 52202K, committed 52736K, reserved 1097728K
  class space    used 6869K, capacity 7303K, committed 7424K, reserved 1048576K

Card table byte_map: [0x00000000124c0000,0x00000000128b0000] byte_map_base: 0x00000000120ac000

Marking Bits: (ParMarkBitMap*) 0x0000000073586d90
 Begin Bits: [0x0000000013350000, 0x00000000152b0000)
 End Bits:   [0x00000000152b0000, 0x0000000017210000)

Polling page: 0x0000000002d60000

CodeCache: size=245760Kb used=9012Kb max_used=9012Kb free=236747Kb
 bounds [0x0000000003100000, 0x00000000039d0000, 0x0000000012100000]
 total_blobs=4839 nmethods=4291 adapters=468
 compilation: enabled

Compilation events (10 events):
Event: 64.052 Thread 0x0000000019f7e800 4368       1       java.io.ObjectStreamClass::getResolveException (5 bytes)
Event: 64.052 Thread 0x0000000019f7e800 nmethod 4368 0x00000000039ce550 code [0x00000000039ce6a0, 0x00000000039ce7b0]
Event: 64.078 Thread 0x0000000019f7e800 4369       1       org.springframework.core.convert.TypeDescriptor::valueOf (42 bytes)
Event: 64.079 Thread 0x0000000019f7e800 nmethod 4369 0x00000000039ce810 code [0x00000000039ce9a0, 0x00000000039cecb8]
Event: 64.079 Thread 0x0000000019f7e800 4370       1       org.springframework.beans.GenericTypeAwarePropertyDescriptor::getReadMethod (5 bytes)
Event: 64.079 Thread 0x0000000019f7e800 nmethod 4370 0x00000000039cee90 code [0x00000000039cefe0, 0x00000000039cf0f0]
Event: 64.079 Thread 0x0000000019f7e800 4372       1       org.springframework.core.convert.support.GenericConversionService$ConverterCacheKey::hashCode (19 bytes)
Event: 64.079 Thread 0x0000000019f7e800 nmethod 4372 0x00000000039cf150 code [0x00000000039cf2c0, 0x00000000039cf458]
Event: 64.079 Thread 0x0000000019f7e800 4371       1       org.springframework.beans.PropertyValue::getValue (5 bytes)
Event: 64.079 Thread 0x0000000019f7e800 nmethod 4371 0x00000000039cf5d0 code [0x00000000039cf720, 0x00000000039cf830]

GC Heap History (10 events):
Event: 33.417 GC heap before
{Heap before GC invocations=9 (full 2):
 PSYoungGen      total 258048K, used 12786K [0x00000000d6300000, 0x00000000f3b00000, 0x0000000100000000)
  eden space 245248K, 0% used [0x00000000d6300000,0x00000000d6300000,0x00000000e5280000)
  from space 12800K, 99% used [0x00000000e5280000,0x00000000e5efcbd0,0x00000000e5f00000)
  to   space 16384K, 0% used [0x00000000f2b00000,0x00000000f2b00000,0x00000000f3b00000)
 ParOldGen       total 50688K, used 18148K [0x0000000082800000, 0x0000000085980000, 0x00000000d6300000)
  object space 50688K, 35% used [0x0000000082800000,0x00000000839b93a8,0x0000000085980000)
 Metaspace       used 33622K, capacity 35320K, committed 35456K, reserved 1079296K
  class space    used 4549K, capacity 4897K, committed 4992K, reserved 1048576K
Event: 33.564 GC heap after
Heap after GC invocations=9 (full 2):
 PSYoungGen      total 258048K, used 0K [0x00000000d6300000, 0x00000000f3b00000, 0x0000000100000000)
  eden space 245248K, 0% used [0x00000000d6300000,0x00000000d6300000,0x00000000e5280000)
  from space 12800K, 0% used [0x00000000e5280000,0x00000000e5280000,0x00000000e5f00000)
  to   space 16384K, 0% used [0x00000000f2b00000,0x00000000f2b00000,0x00000000f3b00000)
 ParOldGen       total 67072K, used 21757K [0x0000000082800000, 0x0000000086980000, 0x00000000d6300000)
  object space 67072K, 32% used [0x0000000082800000,0x0000000083d3f470,0x0000000086980000)
 Metaspace       used 33622K, capacity 35320K, committed 35456K, reserved 1079296K
  class space    used 4549K, capacity 4897K, committed 4992K, reserved 1048576K
}
Event: 63.538 GC heap before
{Heap before GC invocations=10 (full 2):
 PSYoungGen      total 258048K, used 234866K [0x00000000d6300000, 0x00000000f3b00000, 0x0000000100000000)
  eden space 245248K, 95% used [0x00000000d6300000,0x00000000e485c9f8,0x00000000e5280000)
  from space 12800K, 0% used [0x00000000e5280000,0x00000000e5280000,0x00000000e5f00000)
  to   space 16384K, 0% used [0x00000000f2b00000,0x00000000f2b00000,0x00000000f3b00000)
 ParOldGen       total 67072K, used 21757K [0x0000000082800000, 0x0000000086980000, 0x00000000d6300000)
  object space 67072K, 32% used [0x0000000082800000,0x0000000083d3f470,0x0000000086980000)
 Metaspace       used 49897K, capacity 51892K, committed 52096K, reserved 1097728K
  class space    used 6831K, capacity 7266K, committed 7296K, reserved 1048576K
Event: 63.692 GC heap after
Heap after GC invocations=10 (full 2):
 PSYoungGen      total 261632K, used 16367K [0x00000000d6300000, 0x00000000f3b00000, 0x0000000100000000)
  eden space 245248K, 0% used [0x00000000d6300000,0x00000000d6300000,0x00000000e5280000)
  from space 16384K, 99% used [0x00000000f2b00000,0x00000000f3afbea0,0x00000000f3b00000)
  to   space 12800K, 0% used [0x00000000e5280000,0x00000000e5280000,0x00000000e5f00000)
 ParOldGen       total 67072K, used 24517K [0x0000000082800000, 0x0000000086980000, 0x00000000d6300000)
  object space 67072K, 36% used [0x0000000082800000,0x0000000083ff1660,0x0000000086980000)
 Metaspace       used 49897K, capacity 51892K, committed 52096K, reserved 1097728K
  class space    used 6831K, capacity 7266K, committed 7296K, reserved 1048576K
}
Event: 63.692 GC heap before
{Heap before GC invocations=11 (full 3):
 PSYoungGen      total 261632K, used 16367K [0x00000000d6300000, 0x00000000f3b00000, 0x0000000100000000)
  eden space 245248K, 0% used [0x00000000d6300000,0x00000000d6300000,0x00000000e5280000)
  from space 16384K, 99% used [0x00000000f2b00000,0x00000000f3afbea0,0x00000000f3b00000)
  to   space 12800K, 0% used [0x00000000e5280000,0x00000000e5280000,0x00000000e5f00000)
 ParOldGen       total 67072K, used 24517K [0x0000000082800000, 0x0000000086980000, 0x00000000d6300000)
  object space 67072K, 36% used [0x0000000082800000,0x0000000083ff1660,0x0000000086980000)
 Metaspace       used 49897K, capacity 51892K, committed 52096K, reserved 1097728K
  class space    used 6831K, capacity 7266K, committed 7296K, reserved 1048576K
Event: 63.860 GC heap after
Heap after GC invocations=11 (full 3):
 PSYoungGen      total 261632K, used 0K [0x00000000d6300000, 0x00000000f3b00000, 0x0000000100000000)
  eden space 245248K, 0% used [0x00000000d6300000,0x00000000d6300000,0x00000000e5280000)
  from space 16384K, 0% used [0x00000000f2b00000,0x00000000f2b00000,0x00000000f3b00000)
  to   space 12800K, 0% used [0x00000000e5280000,0x00000000e5280000,0x00000000e5f00000)
 ParOldGen       total 67072K, used 36723K [0x0000000082800000, 0x0000000086980000, 0x00000000d6300000)
  object space 67072K, 54% used [0x0000000082800000,0x0000000084bdcc78,0x0000000086980000)
 Metaspace       used 49897K, capacity 51892K, committed 52096K, reserved 1095680K
  class space    used 6831K, capacity 7266K, committed 7296K, reserved 1048576K
}
Event: 63.860 GC heap before
{Heap before GC invocations=12 (full 3):
 PSYoungGen      total 261632K, used 0K [0x00000000d6300000, 0x00000000f3b00000, 0x0000000100000000)
  eden space 245248K, 0% used [0x00000000d6300000,0x00000000d6300000,0x00000000e5280000)
  from space 16384K, 0% used [0x00000000f2b00000,0x00000000f2b00000,0x00000000f3b00000)
  to   space 12800K, 0% used [0x00000000e5280000,0x00000000e5280000,0x00000000e5f00000)
 ParOldGen       total 67072K, used 36723K [0x0000000082800000, 0x0000000086980000, 0x00000000d6300000)
  object space 67072K, 54% used [0x0000000082800000,0x0000000084bdcc78,0x0000000086980000)
 Metaspace       used 49897K, capacity 51892K, committed 52096K, reserved 1099776K
  class space    used 6831K, capacity 7266K, committed 7296K, reserved 1048576K
Event: 63.972 GC heap after
Heap after GC invocations=12 (full 3):
 PSYoungGen      total 258048K, used 0K [0x00000000d6300000, 0x00000000f2b80000, 0x0000000100000000)
  eden space 245248K, 0% used [0x00000000d6300000,0x00000000d6300000,0x00000000e5280000)
  from space 12800K, 0% used [0x00000000e5280000,0x00000000e5280000,0x00000000e5f00000)
  to   space 20992K, 0% used [0x00000000f1700000,0x00000000f1700000,0x00000000f2b80000)
 ParOldGen       total 67072K, used 36723K [0x0000000082800000, 0x0000000086980000, 0x00000000d6300000)
  object space 67072K, 54% used [0x0000000082800000,0x0000000084bdcc78,0x0000000086980000)
 Metaspace       used 49897K, capacity 51892K, committed 52096K, reserved 1099776K
  class space    used 6831K, capacity 7266K, committed 7296K, reserved 1048576K
}
Event: 63.972 GC heap before
{Heap before GC invocations=13 (full 4):
 PSYoungGen      total 258048K, used 0K [0x00000000d6300000, 0x00000000f2b80000, 0x0000000100000000)
  eden space 245248K, 0% used [0x00000000d6300000,0x00000000d6300000,0x00000000e5280000)
  from space 12800K, 0% used [0x00000000e5280000,0x00000000e5280000,0x00000000e5f00000)
  to   space 20992K, 0% used [0x00000000f1700000,0x00000000f1700000,0x00000000f2b80000)
 ParOldGen       total 67072K, used 36723K [0x0000000082800000, 0x0000000086980000, 0x00000000d6300000)
  object space 67072K, 54% used [0x0000000082800000,0x0000000084bdcc78,0x0000000086980000)
 Metaspace       used 49897K, capacity 51892K, committed 52096K, reserved 1099776K
  class space    used 6831K, capacity 7266K, committed 7296K, reserved 1048576K
Event: 64.052 GC heap after
Heap after GC invocations=13 (full 4):
 PSYoungGen      total 258048K, used 0K [0x00000000d6300000, 0x00000000f2b80000, 0x0000000100000000)
  eden space 245248K, 0% used [0x00000000d6300000,0x00000000d6300000,0x00000000e5280000)
  from space 12800K, 0% used [0x00000000e5280000,0x00000000e5280000,0x00000000e5f00000)
  to   space 20992K, 0% used [0x00000000f1700000,0x00000000f1700000,0x00000000f2b80000)
 ParOldGen       total 67072K, used 36637K [0x0000000082800000, 0x0000000086980000, 0x00000000d6300000)
  object space 67072K, 54% used [0x0000000082800000,0x0000000084bc7778,0x0000000086980000)
 Metaspace       used 49897K, capacity 51892K, committed 52096K, reserved 1095680K
  class space    used 6831K, capacity 7266K, committed 7296K, reserved 1048576K
}

Deoptimization events (0 events):
No events

Classes redefined (0 events):
No events

Internal exceptions (10 events):
Event: 63.533 Thread 0x000000001c6d5800 Exception <a 'java/lang/NoSuchMethodError': java.lang.Object.lambda$static$0(Ljava/lang/Object;)Lorg/springframework/expression/EvaluationContext;> (0x00000000e466fea0) thrown at [C:\re\workspace\8-2-build-windows-amd64-cygwin\jdk8u231\13620\hotspot\src\s
Event: 64.076 Thread 0x000000001c6d5800 Exception <a 'java/lang/ArrayIndexOutOfBoundsException'> (0x00000000d64d3368) thrown at [C:\re\workspace\8-2-build-windows-amd64-cygwin\jdk8u231\13620\hotspot\src\share\vm\runtime\sharedRuntime.cpp, line 605]
Event: 64.076 Thread 0x000000001c6d5800 Exception <a 'java/lang/ArrayIndexOutOfBoundsException'> (0x00000000d64d69b8) thrown at [C:\re\workspace\8-2-build-windows-amd64-cygwin\jdk8u231\13620\hotspot\src\share\vm\runtime\sharedRuntime.cpp, line 605]
Event: 64.076 Thread 0x000000001c6d5800 Exception <a 'java/lang/ArrayIndexOutOfBoundsException'> (0x00000000d64d84b0) thrown at [C:\re\workspace\8-2-build-windows-amd64-cygwin\jdk8u231\13620\hotspot\src\share\vm\runtime\sharedRuntime.cpp, line 605]
Event: 64.076 Thread 0x000000001c6d5800 Exception <a 'java/lang/ArrayIndexOutOfBoundsException'> (0x00000000d64dbdb8) thrown at [C:\re\workspace\8-2-build-windows-amd64-cygwin\jdk8u231\13620\hotspot\src\share\vm\runtime\sharedRuntime.cpp, line 605]
Event: 64.076 Thread 0x000000001c6d5800 Exception <a 'java/lang/ArrayIndexOutOfBoundsException'> (0x00000000d64dcd70) thrown at [C:\re\workspace\8-2-build-windows-amd64-cygwin\jdk8u231\13620\hotspot\src\share\vm\runtime\sharedRuntime.cpp, line 605]
Event: 64.077 Thread 0x000000001c6d5800 Exception <a 'java/lang/ArrayIndexOutOfBoundsException'> (0x00000000d64dece8) thrown at [C:\re\workspace\8-2-build-windows-amd64-cygwin\jdk8u231\13620\hotspot\src\share\vm\runtime\sharedRuntime.cpp, line 605]
Event: 64.077 Thread 0x000000001c6d5800 Exception <a 'java/lang/ArrayIndexOutOfBoundsException'> (0x00000000d64e1f70) thrown at [C:\re\workspace\8-2-build-windows-amd64-cygwin\jdk8u231\13620\hotspot\src\share\vm\runtime\sharedRuntime.cpp, line 605]
Event: 64.077 Thread 0x000000001c6d5800 Exception <a 'java/lang/ArrayIndexOutOfBoundsException'> (0x00000000d64e3620) thrown at [C:\re\workspace\8-2-build-windows-amd64-cygwin\jdk8u231\13620\hotspot\src\share\vm\runtime\sharedRuntime.cpp, line 605]
Event: 64.077 Thread 0x000000001c6d5800 Exception <a 'java/lang/ArrayIndexOutOfBoundsException'> (0x00000000d64e4748) thrown at [C:\re\workspace\8-2-build-windows-amd64-cygwin\jdk8u231\13620\hotspot\src\share\vm\runtime\sharedRuntime.cpp, line 605]

Events (10 events):
Event: 64.331 loading class org/hibernate/internal/AbstractSharedSessionContract
Event: 64.331 loading class org/hibernate/internal/AbstractSharedSessionContract done
Event: 64.331 Thread 0x000000001c6d5800 DEOPT PACKING pc=0x000000000331aa89 sp=0x000000001d905850
Event: 64.331 Thread 0x000000001c6d5800 DEOPT UNPACKING pc=0x0000000003147890 sp=0x000000001d9055a0 mode 1
Event: 64.331 Thread 0x000000001c6d5800 DEOPT PACKING pc=0x00000000032de134 sp=0x000000001d9058d0
Event: 64.331 Thread 0x000000001c6d5800 DEOPT UNPACKING pc=0x0000000003147890 sp=0x000000001d9056f0 mode 1
Event: 64.331 Thread 0x000000001c6d5800 DEOPT PACKING pc=0x00000000032de07c sp=0x000000001d905a60
Event: 64.331 Thread 0x000000001c6d5800 DEOPT UNPACKING pc=0x0000000003147890 sp=0x000000001d905880 mode 1
Event: 64.401 Executing VM operation: CollectForMetadataAllocation
Event: 64.401 Executing VM operation: CollectForMetadataAllocation done


Dynamic libraries:
0x00007ff642770000 - 0x00007ff6427a7000 	C:\Program Files\Java\jre1.8.0_231\bin\javaw.exe
0x00007ffe0dee0000 - 0x00007ffe0e0d0000 	C:\WINDOWS\SYSTEM32\ntdll.dll
0x00007ffe0dae0000 - 0x00007ffe0db92000 	C:\WINDOWS\System32\KERNEL32.DLL
0x00007ffe0b210000 - 0x00007ffe0b4b3000 	C:\WINDOWS\System32\KERNELBASE.dll
0x00007ffe0d110000 - 0x00007ffe0d1b3000 	C:\WINDOWS\System32\ADVAPI32.dll
0x00007ffe0d1c0000 - 0x00007ffe0d25e000 	C:\WINDOWS\System32\msvcrt.dll
0x00007ffe0bf90000 - 0x00007ffe0c027000 	C:\WINDOWS\System32\sechost.dll
0x00007ffe0c670000 - 0x00007ffe0c790000 	C:\WINDOWS\System32\RPCRT4.dll
0x00007ffe0d2b0000 - 0x00007ffe0d444000 	C:\WINDOWS\System32\USER32.dll
0x00007ffe0b7c0000 - 0x00007ffe0b7e1000 	C:\WINDOWS\System32\win32u.dll
0x00007ffe0d260000 - 0x00007ffe0d286000 	C:\WINDOWS\System32\GDI32.dll
0x00007ffe0aef0000 - 0x00007ffe0b084000 	C:\WINDOWS\System32\gdi32full.dll
0x00007ffe0b090000 - 0x00007ffe0b12e000 	C:\WINDOWS\System32\msvcp_win.dll
0x00007ffe0b4c0000 - 0x00007ffe0b5ba000 	C:\WINDOWS\System32\ucrtbase.dll
0x00007ffdfaaa0000 - 0x00007ffdfad25000 	C:\WINDOWS\WinSxS\amd64_microsoft.windows.common-controls_6595b64144ccf1df_6.0.18362.592_none_e6c0b1911312be02\COMCTL32.dll
0x00007ffe0c210000 - 0x00007ffe0c546000 	C:\WINDOWS\System32\combase.dll
0x00007ffe0b130000 - 0x00007ffe0b1b0000 	C:\WINDOWS\System32\bcryptPrimitives.dll
0x00007ffe0dc00000 - 0x00007ffe0dc2e000 	C:\WINDOWS\System32\IMM32.DLL
0x0000000073890000 - 0x0000000073962000 	C:\Program Files\Java\jre1.8.0_231\bin\msvcr100.dll
0x0000000072d60000 - 0x0000000073606000 	C:\Program Files\Java\jre1.8.0_231\bin\server\jvm.dll
0x00007ffe0c1f0000 - 0x00007ffe0c1f8000 	C:\WINDOWS\System32\PSAPI.DLL
0x00007ffdf2030000 - 0x00007ffdf2039000 	C:\WINDOWS\SYSTEM32\WSOCK32.dll
0x00007ffe065a0000 - 0x00007ffe065c4000 	C:\WINDOWS\SYSTEM32\WINMM.dll
0x00007ffe0dd00000 - 0x00007ffe0dd6f000 	C:\WINDOWS\System32\WS2_32.dll
0x00007ffe09f70000 - 0x00007ffe09f7a000 	C:\WINDOWS\SYSTEM32\VERSION.dll
0x00007ffe06550000 - 0x00007ffe0657d000 	C:\WINDOWS\SYSTEM32\WINMMBASE.dll
0x00007ffe0ae70000 - 0x00007ffe0aeba000 	C:\WINDOWS\System32\cfgmgr32.dll
0x00007ffe03e40000 - 0x00007ffe03e4f000 	C:\Program Files\Java\jre1.8.0_231\bin\verify.dll
0x00007ffdfc800000 - 0x00007ffdfc829000 	C:\Program Files\Java\jre1.8.0_231\bin\java.dll
0x00007ffdfc8e0000 - 0x00007ffdfc915000 	C:\Program Files\Java\jre1.8.0_231\bin\jdwp.dll
0x00007ffe03ce0000 - 0x00007ffe03ce8000 	C:\Program Files\Java\jre1.8.0_231\bin\npt.dll
0x00007ffdfc7e0000 - 0x00007ffdfc7f6000 	C:\Program Files\Java\jre1.8.0_231\bin\zip.dll
0x00007ffe0c790000 - 0x00007ffe0ce75000 	C:\WINDOWS\System32\SHELL32.dll
0x00007ffe0c5c0000 - 0x00007ffe0c669000 	C:\WINDOWS\System32\shcore.dll
0x00007ffe0b7f0000 - 0x00007ffe0bf6f000 	C:\WINDOWS\System32\windows.storage.dll
0x00007ffe0adc0000 - 0x00007ffe0addf000 	C:\WINDOWS\System32\profapi.dll
0x00007ffe0ade0000 - 0x00007ffe0ae2a000 	C:\WINDOWS\System32\powrprof.dll
0x00007ffe0adb0000 - 0x00007ffe0adc0000 	C:\WINDOWS\System32\UMPDC.dll
0x00007ffe0d610000 - 0x00007ffe0d662000 	C:\WINDOWS\System32\shlwapi.dll
0x00007ffe0ae30000 - 0x00007ffe0ae41000 	C:\WINDOWS\System32\kernel.appcore.dll
0x00007ffe0bf70000 - 0x00007ffe0bf87000 	C:\WINDOWS\System32\cryptsp.dll
0x00007ffe03bf0000 - 0x00007ffe03bf9000 	C:\Program Files\Java\jre1.8.0_231\bin\dt_socket.dll
0x00007ffdeff50000 - 0x00007ffdeff66000 	C:\WINDOWS\system32\napinsp.dll
0x00007ffdeff30000 - 0x00007ffdeff4a000 	C:\WINDOWS\system32\pnrpnsp.dll
0x00007ffe0a620000 - 0x00007ffe0a687000 	C:\WINDOWS\System32\mswsock.dll
0x00007ffe0a370000 - 0x00007ffe0a43a000 	C:\WINDOWS\SYSTEM32\DNSAPI.dll
0x00007ffe0d600000 - 0x00007ffe0d608000 	C:\WINDOWS\System32\NSI.dll
0x00007ffe0a330000 - 0x00007ffe0a36a000 	C:\WINDOWS\SYSTEM32\IPHLPAPI.DLL
0x00007ffdeff20000 - 0x00007ffdeff2e000 	C:\WINDOWS\System32\winrnr.dll
0x00007ffe076b0000 - 0x00007ffe076cc000 	C:\WINDOWS\system32\NLAapi.dll
0x00007ffdeff00000 - 0x00007ffdeff15000 	C:\WINDOWS\system32\wshbth.dll
0x00007ffe01c20000 - 0x00007ffe01c97000 	C:\WINDOWS\System32\fwpuclnt.dll
0x00007ffe0aec0000 - 0x00007ffe0aee6000 	C:\WINDOWS\System32\bcrypt.dll
0x00007ffdf8f90000 - 0x00007ffdf8f9a000 	C:\Windows\System32\rasadhlp.dll
0x00007ffdfc9f0000 - 0x00007ffdfc9fd000 	C:\Program Files\Java\jre1.8.0_231\bin\management.dll
0x00007ffdfc570000 - 0x00007ffdfc58a000 	C:\Program Files\Java\jre1.8.0_231\bin\net.dll
0x00007ffdfc550000 - 0x00007ffdfc562000 	C:\Program Files\Java\jre1.8.0_231\bin\nio.dll
0x00007ffe0a190000 - 0x00007ffe0a1c3000 	C:\WINDOWS\system32\rsaenh.dll
0x00007ffe0acd0000 - 0x00007ffe0acf5000 	C:\WINDOWS\SYSTEM32\USERENV.dll
0x00007ffe0a7f0000 - 0x00007ffe0a7fc000 	C:\WINDOWS\SYSTEM32\CRYPTBASE.dll
0x00007ffe028f0000 - 0x00007ffe02906000 	C:\WINDOWS\SYSTEM32\dhcpcsvc6.DLL
0x00007ffe03010000 - 0x00007ffe0302c000 	C:\WINDOWS\SYSTEM32\dhcpcsvc.DLL
0x00007ffddfdb0000 - 0x00007ffddfdd4000 	C:\Program Files\Java\jre1.8.0_231\bin\sunec.dll

VM Arguments:
jvm_args: -agentlib:jdwp=transport=dt_socket,suspend=y,address=localhost:13861 -Dcom.sun.management.jmxremote -Dcom.sun.management.jmxremote.port=13851 -Dcom.sun.management.jmxremote.authenticate=false -Dcom.sun.management.jmxremote.ssl=false -Djava.rmi.server.hostname=localhost -Dspring.application.admin.enabled=true -Xverify:none -XX:TieredStopAtLevel=1 -Dfile.encoding=UTF-8 
java_command: com.csk.photoapp.api.users.PhotoAppApiUsersApplication --spring.output.ansi.enabled=always
java_class_path (initial): D:\spring\workspaces\microservices\PhotoAppApiUsers\target\classes;C:\Users\chity\.m2\repository\org\springframework\boot\spring-boot-starter-web\2.1.9.RELEASE\spring-boot-starter-web-2.1.9.RELEASE.jar;C:\Users\chity\.m2\repository\org\springframework\boot\spring-boot-starter\2.1.9.RELEASE\spring-boot-starter-2.1.9.RELEASE.jar;C:\Users\chity\.m2\repository\org\springframework\boot\spring-boot-starter-logging\2.1.9.RELEASE\spring-boot-starter-logging-2.1.9.RELEASE.jar;C:\Users\chity\.m2\repository\ch\qos\logback\logback-classic\1.2.3\logback-classic-1.2.3.jar;C:\Users\chity\.m2\repository\ch\qos\logback\logback-core\1.2.3\logback-core-1.2.3.jar;C:\Users\chity\.m2\repository\org\apache\logging\log4j\log4j-to-slf4j\2.11.2\log4j-to-slf4j-2.11.2.jar;C:\Users\chity\.m2\repository\org\apache\logging\log4j\log4j-api\2.11.2\log4j-api-2.11.2.jar;C:\Users\chity\.m2\repository\org\slf4j\jul-to-slf4j\1.7.28\jul-to-slf4j-1.7.28.jar;C:\Users\chity\.m2\repository\javax\annotation\javax.annotation-api\1.3.2\javax.annotation-api-1.3.2.jar;C:\Users\chity\.m2\repository\org\yaml\snakeyaml\1.23\snakeyaml-1.23.jar;C:\Users\chity\.m2\repository\org\springframework\boot\spring-boot-starter-json\2.1.9.RELEASE\spring-boot-starter-json-2.1.9.RELEASE.jar;C:\Users\chity\.m2\repository\com\fasterxml\jackson\datatype\jackson-datatype-jdk8\2.9.9\jackson-datatype-jdk8-2.9.9.jar;C:\Users\chity\.m2\repository\com\fasterxml\jackson\datatype\jackson-datatype-jsr310\2.9.9\jackson-datatype-jsr310-2.9.9.jar;C:\Users\chity\.m2\repository\com\fasterxml\jackson\module\jackson-module-parameter-names\2.9.9\jackson-module-parameter-names-2.9.9.jar;C:\Users\chity\.m2\repository\org\springframework\boot\spring-boot-starter-tomcat\2.1.9.RELEASE\spring-boot-starter-tomcat-2.1.9.RELEASE.jar;C:\Users\chity\.m2\repository\org\apache\tomcat\embed\tomcat-embed-core\9.0.26\tomcat-embed-core-9.0.26.jar;C:\Users\chity\.m2\repository\org\apache\tomcat\embed\tomcat-embed-el\9.0.26\tomcat-embed-el
Launcher Type: SUN_STANDARD

Environment Variables:
JAVA_HOME=C:\Program Files\Java\jdk1.8.0_201
CLASSPATH=.
PATH=C:/Program Files/Java/jre1.8.0_231/bin/server;C:/Program Files/Java/jre1.8.0_231/bin;C:/Program Files/Java/jre1.8.0_231/lib/amd64;C:\Users\chity\AppData\Local\Programs\Python\Python38\Scripts\;C:\Users\chity\AppData\Local\Programs\Python\Python38\;C:\oraclexe\app\oracle\product\11.2.0\server\bin;C:\Program Files (x86)\Common Files\Oracle\Java\javapath;C:\Windows\system32;C:\Windows;C:\Windows\System32\Wbem;C:\Windows\System32\WindowsPowerShell\v1.0\;C:\Windows\System32\OpenSSH\;C:\Program Files (x86)\NVIDIA Corporation\PhysX\Common;C:\Program Files\Java\jdk-11.0.2\bin;C:\Program Files\Java\jdk1.8.0_201\bin;C:\Program Files\Java\jre1.8.0_201\bin;D:\softwares\kaboom\Maven\bin;C:\WINDOWS\system32;C:\WINDOWS;C:\WINDOWS\System32\Wbem;C:\WINDOWS\System32\WindowsPowerShell\v1.0\;C:\WINDOWS\System32\OpenSSH\;C:\platform-tools_r28.0.3-windows\platform-tools;C:\adb;C:\Program Files\nodejs\;C:\Users\chity\AppData\Roaming\npm;C:\Program Files\ibm\gsk8\lib64;C:\Program Files (x86)\ibm\gsk8\lib;C:\Program Files\dotnet\;C:\Program Files\Microsoft SQL Server\130\Tools\Binn\;C:\Program Files\Microsoft SQL Server\Client SDK\ODBC\170\Tools\Binn\;D:\installations\Git\cmd;C:\Users\chity\Downloads\Compressed\php-5.4.0-Win32-VC9-x64;D:\softwares\kaboom\apache-cassandra-3.11.4\bin;C:\Program Files\PostgreSQL\12\bin;C:\Program Files\PostgreSQL\12\lib;C:\Program Files\NVIDIA Corporation\NVIDIA NvDLISR;C:\Program Files (x86)\Intel\Intel(R) Management Engine Components\DAL;C:\Program Files\Intel\Intel(R) Management Engine Components\DAL;C:\Android;C:\Program Files\PuTTY\;D:\installations\Python 3.8.1\Scripts\;D:\installations\Python 3.8.1\;C:\Users\chity\AppData\Local\Programs\Microsoft VS Code\bin;C:\Users\chity\AppData\Local\Android\Sdk\tools;C:\Users\chity\AppData\Local\Android\Sdk\platform-tools;C:\Users\chity\AppData\Local\Android\Sdk\platform-tools\adb.exe;D:\pycharm\PyCharm Community Edition 2019.3.1\bin;D:\softwares\kaboom\sts\sts-4.1.1.RELEASE;
USERNAME=chity
OS=Windows_NT
PROCESSOR_IDENTIFIER=Intel64 Family 6 Model 142 Stepping 10, GenuineIntel



---------------  S Y S T E M  ---------------

OS: Windows 10.0 , 64 bit Build 18362 (10.0.18362.329)

CPU:total 8 (initial active 8) (4 cores per cpu, 2 threads per core) family 6 model 142 stepping 10, cmov, cx8, fxsr, mmx, sse, sse2, sse3, ssse3, sse4.1, sse4.2, popcnt, avx, avx2, aes, clmul, erms, 3dnowpref, lzcnt, ht, tsc, tscinvbit, bmi1, bmi2, adx

Memory: 4k page, physical 8218476k(221932k free), swap 21983080k(460k free)

vm_info: Java HotSpot(TM) 64-Bit Server VM (25.231-b11) for windows-amd64 JRE (1.8.0_231-b11), built on Oct  5 2019 03:11:30 by "java_re" with MS VC++ 10.0 (VS2010)

time: Sat Feb 01 00:34:32 2020
timezone: India Standard Time
elapsed time: 64 seconds (0d 0h 1m 4s)

